2023-12-12 22:12:23,786 [INFO] Activator:177 - 


2023-12-12 22:12:23,795 [INFO] Activator:178 - !SESSION log4j initialized
2023-12-12 22:12:57,622 [INFO] McuFinderGlobals:39 - Set McuFinder mode to 2 (CubeIDE integrated)
2023-12-12 22:12:57,965 [INFO] ApplicationProperties:181 - Using Application install path: C:\ST\STM32CubeIDE_1.9.0\STM32CubeIDE\plugins\com.st.stm32cube.common.mx_6.5.0.202202251913
2023-12-12 22:12:57,997 [INFO] DbMcusXml:72 - Set database path to: C:\ST\STM32CubeIDE_1.9.0\STM32CubeIDE\plugins\com.st.stm32cube.common.mx_6.5.0.202202251913\\db\/mcu/
2023-12-12 22:12:57,997 [INFO] ApiDb:260 - Set plugin database path to: C:\ST\STM32CubeIDE_1.9.0\STM32CubeIDE\plugins\com.st.stm32cube.common.mx_6.5.0.202202251913\\db\/plugins/boardmanager/
2023-12-12 22:12:58,012 [WARN] ApiDb:245 - Overriding images path with different value:  => C:\ST\STM32CubeIDE_1.9.0\STM32CubeIDE\plugins\com.st.stm32cube.common.mx_6.5.0.202202251913\\db\/plugins/mcufinder/images/
2023-12-12 22:12:58,044 [INFO] ApiDb:226 - Set database path to: C:\Users\Khanh Lin\.stmcufinder\plugins\mcufinder//mcu/
2023-12-12 22:12:58,044 [INFO] DbMcusAds:119 - Set database path to: C:\Users\Khanh Lin\.stmcufinder\plugins\mcufinder//mcu/
2023-12-12 22:12:58,669 [INFO] CrossReferenceDbSqlite:196 - Set database path to: C:\Users\Khanh Lin\.stmcufinder\plugins\mcufinder//mcu/cs/
2023-12-12 22:12:58,981 [INFO] RulesReader:57 - Compatibility file has been processed (281 Rules)
2023-12-12 22:12:59,215 [INFO] DbMcusXml:72 - Set database path to: C:\ST\STM32CubeIDE_1.9.0\STM32CubeIDE\plugins\com.st.stm32cube.common.mx_6.5.0.202202251913\\db\/mcu/
2023-12-12 22:12:59,215 [INFO] ApiDb:260 - Set plugin database path to: C:\ST\STM32CubeIDE_1.9.0\STM32CubeIDE\plugins\com.st.stm32cube.common.mx_6.5.0.202202251913\\db\/plugins/boardmanager/
2023-12-12 22:12:59,215 [INFO] ApiDb:247 - Set plugin images path to: C:\ST\STM32CubeIDE_1.9.0\STM32CubeIDE\plugins\com.st.stm32cube.common.mx_6.5.0.202202251913\\db\/plugins/mcufinder/images/
2023-12-12 22:12:59,215 [WARN] DbFile:35 - Overriding database path with different value: C:\Users\Khanh Lin\.stmcufinder\plugins\mcufinder/ => C:\Users\Khanh Lin\.stmcufinder\plugins\mcufinder
2023-12-12 22:12:59,215 [INFO] ApiDb:226 - Set database path to: C:\Users\Khanh Lin\.stmcufinder\plugins\mcufinder//mcu/
2023-12-12 22:12:59,215 [WARN] DbFile:35 - Overriding database path with different value: C:\Users\Khanh Lin\.stmcufinder\plugins\mcufinder/ => C:\Users\Khanh Lin\.stmcufinder\plugins\mcufinder
2023-12-12 22:12:59,215 [INFO] DbMcusAds:119 - Set database path to: C:\Users\Khanh Lin\.stmcufinder\plugins\mcufinder//mcu/
2023-12-12 22:12:59,215 [WARN] DbFile:35 - Overriding database path with different value: C:\Users\Khanh Lin\.stmcufinder\plugins\mcufinder/ => C:\Users\Khanh Lin\.stmcufinder\plugins\mcufinder
2023-12-12 22:12:59,215 [WARN] DbFile:35 - Overriding database path with different value: C:\Users\Khanh Lin\.stmcufinder\plugins\mcufinder/ => C:\Users\Khanh Lin\.stmcufinder\plugins\mcufinder
2023-12-12 22:13:00,169 [INFO] CrossReferenceDbSqlite:196 - Set database path to: C:\Users\Khanh Lin\.stmcufinder\plugins\mcufinder//mcu/cs/
2023-12-12 22:13:00,450 [INFO] MainPanel:230 - HeapMemory: 268435456
2023-12-12 22:13:00,669 [INFO] DbMcusXml:72 - Set database path to: C:\ST\STM32CubeIDE_1.9.0\STM32CubeIDE\plugins\com.st.stm32cube.common.mx_6.5.0.202202251913\\db\/mcu/
2023-12-12 22:13:00,669 [INFO] ApiDb:260 - Set plugin database path to: C:\ST\STM32CubeIDE_1.9.0\STM32CubeIDE\plugins\com.st.stm32cube.common.mx_6.5.0.202202251913\\db\/plugins/boardmanager/
2023-12-12 22:13:00,669 [INFO] ApiDb:247 - Set plugin images path to: C:\ST\STM32CubeIDE_1.9.0\STM32CubeIDE\plugins\com.st.stm32cube.common.mx_6.5.0.202202251913\\db\/plugins/mcufinder/images/
2023-12-12 22:13:00,669 [WARN] DbFile:35 - Overriding database path with different value: C:\Users\Khanh Lin\.stmcufinder\plugins\mcufinder/ => C:\Users\Khanh Lin\.stmcufinder\plugins\mcufinder
2023-12-12 22:13:00,669 [INFO] ApiDb:226 - Set database path to: C:\Users\Khanh Lin\.stmcufinder\plugins\mcufinder//mcu/
2023-12-12 22:13:00,669 [WARN] DbFile:35 - Overriding database path with different value: C:\Users\Khanh Lin\.stmcufinder\plugins\mcufinder/ => C:\Users\Khanh Lin\.stmcufinder\plugins\mcufinder
2023-12-12 22:13:00,669 [INFO] DbMcusAds:119 - Set database path to: C:\Users\Khanh Lin\.stmcufinder\plugins\mcufinder//mcu/
2023-12-12 22:13:00,669 [WARN] DbFile:35 - Overriding database path with different value: C:\Users\Khanh Lin\.stmcufinder\plugins\mcufinder/ => C:\Users\Khanh Lin\.stmcufinder\plugins\mcufinder
2023-12-12 22:13:00,669 [WARN] DbFile:35 - Overriding database path with different value: C:\Users\Khanh Lin\.stmcufinder\plugins\mcufinder/ => C:\Users\Khanh Lin\.stmcufinder\plugins\mcufinder
2023-12-12 22:13:01,669 [INFO] CrossReferenceDbSqlite:196 - Set database path to: C:\Users\Khanh Lin\.stmcufinder\plugins\mcufinder//mcu/cs/
2023-12-12 22:13:01,700 [INFO] ApplicationProperties:181 - Using Application install path: C:\ST\STM32CubeIDE_1.9.0\STM32CubeIDE\plugins\com.st.stm32cube.common.mx_6.5.0.202202251913
2023-12-12 22:13:01,700 [INFO] PluginManage:188 - Search for loadable plugins [exclusion list=, ]
2023-12-12 22:13:01,700 [INFO] PluginManage:302 - Check plugin analytics
2023-12-12 22:13:12,955 [INFO] AnalyticsPlugin:257 - Accepted Software Licenses: 
2023-12-12 22:13:12,955 [INFO] AnalyticsPlugin:259 - Accepted CMSIS Pack Licenses: 
2023-12-12 22:13:12,955 [INFO] AnalyticsPlugin:261 - Accepted Firmware Licenses: 
2023-12-12 22:13:13,002 [INFO] PluginManage:352 - Loaded plugin analytics (category:tool,tabindex:-1)
2023-12-12 22:13:13,002 [INFO] PluginManage:302 - Check plugin clock
2023-12-12 22:13:13,033 [INFO] PluginManage:352 - Loaded plugin clock (category:base,tabindex:2)
2023-12-12 22:13:13,033 [INFO] PluginManage:302 - Check plugin ddr
2023-12-12 22:13:13,048 [INFO] PluginManage:352 - Loaded plugin ddr (category:tool,tabindex:6)
2023-12-12 22:13:13,048 [INFO] PluginManage:302 - Check plugin filemanager
2023-12-12 22:13:13,377 [INFO] PluginManage:352 - Loaded plugin filemanager (category:base,tabindex:10)
2023-12-12 22:13:13,377 [INFO] PluginManage:302 - Check plugin ipmanager
2023-12-12 22:13:13,392 [INFO] PluginManage:352 - Loaded plugin ipmanager (category:base,tabindex:5)
2023-12-12 22:13:13,392 [INFO] PluginManage:302 - Check plugin lpbam
2023-12-12 22:13:13,423 [INFO] PluginManage:352 - Loaded plugin lpbam (category:base,tabindex:0)
2023-12-12 22:13:13,423 [INFO] PluginManage:302 - Check plugin pinoutandconfiguration
2023-12-12 22:13:13,439 [INFO] PluginManage:352 - Loaded plugin pinoutandconfiguration (category:base,tabindex:1)
2023-12-12 22:13:13,439 [INFO] PluginManage:302 - Check plugin pinoutconfig
2023-12-12 22:13:13,502 [INFO] PluginManage:352 - Loaded plugin pinoutconfig (category:base,tabindex:0)
2023-12-12 22:13:13,502 [INFO] PluginManage:302 - Check plugin power
2023-12-12 22:13:13,548 [INFO] PluginManage:352 - Loaded plugin power (category:power,tabindex:4)
2023-12-12 22:13:13,548 [INFO] PluginManage:302 - Check plugin projectmanager
2023-12-12 22:13:13,611 [INFO] PluginManage:352 - Loaded plugin projectmanager (category:projectmanager,tabindex:3)
2023-12-12 22:13:13,611 [INFO] PluginManage:302 - Check plugin thirdparty
2023-12-12 22:13:13,908 [INFO] PluginManage:352 - Loaded plugin thirdparty (category:base,tabindex:-1)
2023-12-12 22:13:13,908 [INFO] PluginManage:302 - Check plugin tools
2023-12-12 22:13:13,908 [INFO] PluginManage:352 - Loaded plugin tools (category:base,tabindex:7)
2023-12-12 22:13:13,908 [INFO] PluginManage:302 - Check plugin tutovideos
2023-12-12 22:13:13,923 [WARN] IntegrityCheckThread:78 - waiting for thirdparty lock release [integrity check]
2023-12-12 22:13:13,923 [INFO] IntegrityCheckThread:80 - entering critical section [integrity check]
2023-12-12 22:13:13,923 [INFO] ThirdPartyUpdaterWithRetryManager:66 - Updater plugin not ready yet. [1/15]
2023-12-12 22:13:14,392 [INFO] PluginManage:352 - Loaded plugin tutovideos (category:base,tabindex:-1)
2023-12-12 22:13:14,392 [INFO] PluginManage:302 - Check plugin updater
2023-12-12 22:13:14,423 [INFO] PluginManage:352 - Loaded plugin updater (category:base,tabindex:12)
2023-12-12 22:13:14,423 [INFO] PluginManage:275 - PluginManage : Loaded plugins [14]
2023-12-12 22:13:15,048 [INFO] PinOutPanel:1465 - setPackage(No Configuration,No Configuration)
2023-12-12 22:13:15,252 [INFO] IPUIPlugin:75 - create IPUIPlugin
2023-12-12 22:13:15,252 [INFO] PluginManager:213 - loadIPPluginJar : add adc
2023-12-12 22:13:15,252 [INFO] IPUIPlugin:75 - create IPUIPlugin
2023-12-12 22:13:15,252 [INFO] PluginManager:213 - loadIPPluginJar : add aes
2023-12-12 22:13:15,252 [INFO] IPUIPlugin:75 - create IPUIPlugin
2023-12-12 22:13:15,267 [INFO] PluginManager:213 - loadIPPluginJar : add can
2023-12-12 22:13:15,267 [INFO] IPUIPlugin:75 - create IPUIPlugin
2023-12-12 22:13:15,267 [INFO] PluginManager:213 - loadIPPluginJar : add comp
2023-12-12 22:13:15,267 [INFO] IPUIPlugin:75 - create IPUIPlugin
2023-12-12 22:13:15,267 [INFO] PluginManager:213 - loadIPPluginJar : add cryp
2023-12-12 22:13:15,267 [INFO] IPUIPlugin:75 - create IPUIPlugin
2023-12-12 22:13:15,267 [INFO] PluginManager:213 - loadIPPluginJar : add dfsdm
2023-12-12 22:13:15,283 [INFO] IPUIPlugin:75 - create IPUIPlugin
2023-12-12 22:13:15,283 [INFO] PluginManager:213 - loadIPPluginJar : add dma
2023-12-12 22:13:15,283 [INFO] IPUIPlugin:75 - create IPUIPlugin
2023-12-12 22:13:15,298 [INFO] PluginManager:213 - loadIPPluginJar : add dma3
2023-12-12 22:13:15,298 [INFO] IPUIPlugin:75 - create IPUIPlugin
2023-12-12 22:13:15,298 [INFO] PluginManager:213 - loadIPPluginJar : add fatfs
2023-12-12 22:13:15,314 [INFO] IPUIPlugin:75 - create IPUIPlugin
2023-12-12 22:13:15,314 [INFO] PluginManager:213 - loadIPPluginJar : add fmc
2023-12-12 22:13:15,314 [INFO] IPUIPlugin:75 - create IPUIPlugin
2023-12-12 22:13:15,314 [INFO] PluginManager:213 - loadIPPluginJar : add freertos
2023-12-12 22:13:15,330 [INFO] IPUIPlugin:75 - create IPUIPlugin
2023-12-12 22:13:15,330 [INFO] PluginManager:213 - loadIPPluginJar : add genericplugin
2023-12-12 22:13:15,330 [INFO] IPUIPlugin:75 - create IPUIPlugin
2023-12-12 22:13:15,330 [INFO] PluginManager:213 - loadIPPluginJar : add gfxmmu
2023-12-12 22:13:15,345 [INFO] IPUIPlugin:75 - create IPUIPlugin
2023-12-12 22:13:15,345 [INFO] PluginManager:213 - loadIPPluginJar : add gic
2023-12-12 22:13:15,345 [INFO] IPUIPlugin:75 - create IPUIPlugin
2023-12-12 22:13:15,345 [INFO] PluginManager:213 - loadIPPluginJar : add gpio
2023-12-12 22:13:15,361 [INFO] IPUIPlugin:75 - create IPUIPlugin
2023-12-12 22:13:15,361 [INFO] PluginManager:213 - loadIPPluginJar : add gtzc
2023-12-12 22:13:15,361 [INFO] IPUIPlugin:75 - create IPUIPlugin
2023-12-12 22:13:15,361 [INFO] PluginManager:213 - loadIPPluginJar : add hash
2023-12-12 22:13:15,361 [INFO] IPUIPlugin:75 - create IPUIPlugin
2023-12-12 22:13:15,361 [INFO] PluginManager:213 - loadIPPluginJar : add i2c
2023-12-12 22:13:15,377 [INFO] IPUIPlugin:75 - create IPUIPlugin
2023-12-12 22:13:15,377 [INFO] PluginManager:213 - loadIPPluginJar : add i2s
2023-12-12 22:13:15,377 [INFO] IPUIPlugin:75 - create IPUIPlugin
2023-12-12 22:13:15,377 [INFO] PluginManager:213 - loadIPPluginJar : add ipddr
2023-12-12 22:13:15,392 [INFO] IPUIPlugin:75 - create IPUIPlugin
2023-12-12 22:13:15,392 [INFO] PluginManager:213 - loadIPPluginJar : add linkedlist
2023-12-12 22:13:15,408 [INFO] IPUIPlugin:75 - create IPUIPlugin
2023-12-12 22:13:15,408 [INFO] PluginManager:213 - loadIPPluginJar : add lorawan
2023-12-12 22:13:15,408 [INFO] IPUIPlugin:75 - create IPUIPlugin
2023-12-12 22:13:15,408 [INFO] PluginManager:213 - loadIPPluginJar : add ltdc
2023-12-12 22:13:15,423 [INFO] IPUIPlugin:75 - create IPUIPlugin
2023-12-12 22:13:15,423 [INFO] PluginManager:213 - loadIPPluginJar : add mdma
2023-12-12 22:13:15,439 [INFO] IPUIPlugin:75 - create IPUIPlugin
2023-12-12 22:13:15,439 [INFO] PluginManager:213 - loadIPPluginJar : add nvic
2023-12-12 22:13:15,455 [INFO] IPUIPlugin:75 - create IPUIPlugin
2023-12-12 22:13:15,455 [INFO] PluginManager:213 - loadIPPluginJar : add opamp
2023-12-12 22:13:15,455 [INFO] IPUIPlugin:75 - create IPUIPlugin
2023-12-12 22:13:15,455 [INFO] PluginManager:213 - loadIPPluginJar : add openamp
2023-12-12 22:13:15,470 [INFO] IPUIPlugin:75 - create IPUIPlugin
2023-12-12 22:13:15,470 [INFO] PluginManager:213 - loadIPPluginJar : add pdm2pcm
2023-12-12 22:13:15,486 [INFO] IPUIPlugin:75 - create IPUIPlugin
2023-12-12 22:13:15,486 [INFO] PluginManager:213 - loadIPPluginJar : add plateformsettings
2023-12-12 22:13:15,502 [INFO] IPUIPlugin:75 - create IPUIPlugin
2023-12-12 22:13:15,502 [INFO] PluginManager:213 - loadIPPluginJar : add quadspi
2023-12-12 22:13:15,502 [INFO] IPUIPlugin:75 - create IPUIPlugin
2023-12-12 22:13:15,502 [INFO] PluginManager:213 - loadIPPluginJar : add resmgrutility
2023-12-12 22:13:15,517 [INFO] IPUIPlugin:75 - create IPUIPlugin
2023-12-12 22:13:15,517 [INFO] PluginManager:213 - loadIPPluginJar : add sai
2023-12-12 22:13:15,517 [INFO] IPUIPlugin:75 - create IPUIPlugin
2023-12-12 22:13:15,517 [INFO] PluginManager:213 - loadIPPluginJar : add spi
2023-12-12 22:13:15,533 [INFO] IPUIPlugin:75 - create IPUIPlugin
2023-12-12 22:13:15,533 [INFO] PluginManager:213 - loadIPPluginJar : add stm32_wpan
2023-12-12 22:13:15,533 [INFO] IPUIPlugin:75 - create IPUIPlugin
2023-12-12 22:13:15,533 [INFO] PluginManager:213 - loadIPPluginJar : add tim
2023-12-12 22:13:15,548 [INFO] IPUIPlugin:75 - create IPUIPlugin
2023-12-12 22:13:15,548 [INFO] PluginManager:213 - loadIPPluginJar : add touchsensing
2023-12-12 22:13:15,548 [INFO] IPUIPlugin:75 - create IPUIPlugin
2023-12-12 22:13:15,548 [INFO] PluginManager:213 - loadIPPluginJar : add tracer_emb
2023-12-12 22:13:15,564 [INFO] IPUIPlugin:75 - create IPUIPlugin
2023-12-12 22:13:15,564 [INFO] PluginManager:213 - loadIPPluginJar : add ts
2023-12-12 22:13:15,564 [INFO] IPUIPlugin:75 - create IPUIPlugin
2023-12-12 22:13:15,564 [INFO] PluginManager:213 - loadIPPluginJar : add tsc
2023-12-12 22:13:15,564 [INFO] IPUIPlugin:75 - create IPUIPlugin
2023-12-12 22:13:15,564 [INFO] PluginManager:213 - loadIPPluginJar : add ucpd
2023-12-12 22:13:15,580 [INFO] IPUIPlugin:75 - create IPUIPlugin
2023-12-12 22:13:15,580 [INFO] PluginManager:213 - loadIPPluginJar : add usart
2023-12-12 22:13:15,595 [INFO] IPUIPlugin:75 - create IPUIPlugin
2023-12-12 22:13:15,595 [INFO] PluginManager:213 - loadIPPluginJar : add usbx
2023-12-12 22:13:16,185 [FATAL] Updater:297 - Updater called before beeing initialized
2023-12-12 22:13:16,481 [FATAL] Updater:297 - Updater called before beeing initialized
2023-12-12 22:13:16,513 [INFO] DbMcusAds:47 - JSON generation date=Wed Nov 29 17:52:27 KRAT 2023 (1701255147270)
2023-12-12 22:13:16,513 [FATAL] Updater:297 - Updater called before beeing initialized
2023-12-12 22:13:16,622 [WARN] DetailPanel:320 - Failed to get advertising image, set to default
2023-12-12 22:13:16,935 [INFO] ThirdPartyUpdaterWithRetryManager:66 - Updater plugin not ready yet. [2/15]
2023-12-12 22:13:16,981 [FATAL] Updater:297 - Updater called before beeing initialized
2023-12-12 22:13:16,997 [FATAL] Updater:297 - Updater called before beeing initialized
2023-12-12 22:13:16,997 [FATAL] Updater:297 - Updater called before beeing initialized
2023-12-12 22:13:16,997 [WARN] DetailPanel:320 - Failed to get advertising image, set to default
2023-12-12 22:13:16,997 [FATAL] Updater:297 - Updater called before beeing initialized
2023-12-12 22:13:17,169 [INFO] Updater:1026 - Updater Version found : 6.5.0
2023-12-12 22:13:17,247 [INFO] ApplicationProperties:181 - Using Application install path: C:\ST\STM32CubeIDE_1.9.0\STM32CubeIDE\plugins\com.st.stm32cube.common.mx_6.5.0.202202251913
2023-12-12 22:13:17,700 [INFO] MainUpdater:2729 - connection check result : 10
2023-12-12 22:13:17,700 [INFO] MainUpdater:276 - Updater Check For Update Now.
2023-12-12 22:13:17,700 [INFO] MicroXplorer:477 - Change Database Version : DB.6.0.50
2023-12-12 22:13:18,075 [INFO] CheckServerUpdateThread:115 - End of CheckServer Thread
2023-12-12 22:13:18,122 [INFO] MainUpdater:2729 - connection check result : 10
2023-12-12 22:13:18,966 [INFO] McuFinderGlobals:52 - Set McuFinderConnectedMode to true
2023-12-12 22:13:18,981 [INFO] MultiScanPanel:195 - Auto-refresh data requested => check proxy status ongoing
2023-12-12 22:13:18,997 [INFO] FinderPluginLoader:87 - Searching for filters in installed packs
2023-12-12 22:13:19,372 [INFO] ApiDb:567 - Connected to CubeFinder SQLite database (C:\Users\Khanh Lin\.stmcufinder\plugins\mcufinder\mcu\cube-finder-db.db)
2023-12-12 22:13:19,638 [INFO] ApiDb:654 - CubeFinder database Data Model version=2.1
2023-12-12 22:13:19,638 [INFO] ApiDb:655 - CubeFinder database Configuration version=3.0.39
2023-12-12 22:13:19,638 [INFO] ApiDb:656 - CubeFinder database generation date=2023-11-06 (1699269565)
2023-12-12 22:13:19,638 [INFO] ApiDb:657 - CubeFinder database FW Pack versions=[FP-ATR-ASTRA1_V2.0.0, FP-SNS-FLIGHT1_V5.0.1, FP-SNS-FLIGHT1_V5.0.2, FP-SNS-MOTENV1_V4.3.1, FP-SNS-MOTENV1_V4.3.2, FP-SNS-MOTENVWB1_V1.3.0, FP-SNS-SMARTAG2_V1.2.0, STM32Cube_FW_C0_V1.1.0, STM32Cube_FW_F4_V1.28.0, STM32Cube_FW_F7_V1.17.0, STM32Cube_FW_G0_V1.6.1, STM32Cube_FW_G4_V1.5.1, STM32Cube_FW_H5_V0.5.1, STM32Cube_FW_H5_V1.1.1, STM32Cube_FW_H5_V1.2.0RC2, STM32Cube_FW_H7_V1.11.0, STM32Cube_FW_L0_V1.12.2, STM32Cube_FW_L5_V1.5.0, STM32Cube_FW_U5_V1.3.0RC4, STM32Cube_FW_U5_V1.4.0, STM32Cube_FW_WBA_V1.0.0RC1, STM32Cube_FW_WBA_V1.1.0RC1, STM32Cube_FW_WBA_V1.2.0, STM32Cube_FW_WBA_V1.2.0RC2, STM32Cube_FW_WB_V1.15.0RC1, STM32Cube_FW_WB_V1.16.0, STM32Cube_FW_WB_V1.16.0RC2, STM32Cube_FW_WB_V1.18.0, STM32Cube_FW_WL_V1.3.0, X-CUBE-ALGOBUILD_V1.3.0, X-CUBE-ALS_V1.0.1, X-CUBE-AZRTOS-F4_V1.1.0, X-CUBE-AZRTOS-F7_V1.1.0, X-CUBE-AZRTOS-G0_V1.1.0, X-CUBE-AZRTOS-G4_V2.0.0, X-CUBE-AZRTOS-H7_V3.1.0, X-CUBE-AZRTOS-L4_V1.0.0, X-CUBE-AZRTOS-L4_V2.0.0, X-CUBE-AZRTOS-L5_V1.1.0, X-CUBE-AZRTOS-WB_V2.0.0, X-CUBE-AZRTOS-WL_V2.0.0, X-CUBE-BLE1_V7.0.0, X-CUBE-BLE2_V3.3.0, X-CUBE-BLEMGR_V2.0.0, X-CUBE-EEPRMA1_V4.1.0, X-CUBE-EEPRMA1_V4.2.0, X-CUBE-FREERTOS_V1.1.0, X-CUBE-GNSS1_V6.0.0, X-CUBE-MEMS1_V10.0.0, X-CUBE-MEMS1_V9.1.0, X-CUBE-MEMS1_V9.4.0, X-CUBE-MEMS1_V9.6.0, X-CUBE-NFC4_V3.0.0, X-CUBE-NFC7_V1.0.1, X-CUBE-SFXS2LP1_V4.0.0, X-CUBE-SUBG2_V5.0.0, X-CUBE-TOF1_V3.3.1]
2023-12-12 22:13:20,575 [WARN] PackLoader:238 - Cannot read IP mode file for wolfSSL.I-CUBE-wolfSSL.5.2.0
2023-12-12 22:13:20,606 [WARN] PackLoader:238 - Cannot read IP mode file for STMicroelectronics.X-CUBE-SMBUS.2.1.0
2023-12-12 22:13:20,622 [WARN] PackLoader:238 - Cannot read IP mode file for STMicroelectronics.X-CUBE-TOUCHGFX.4.23.0
2023-12-12 22:13:20,919 [WARN] PackLoader:238 - Cannot read IP mode file for STMicroelectronics.X-CUBE-MEMS1.9.2.0
2023-12-12 22:13:21,638 [WARN] PackLoader:238 - Cannot read IP mode file for STMicroelectronics.X-CUBE-AZRTOS-F7.1.1.0
2023-12-12 22:13:21,685 [WARN] PackLoader:238 - Cannot read IP mode file for STMicroelectronics.X-CUBE-AI.7.1.0
2023-12-12 22:13:21,716 [WARN] PackLoader:238 - Cannot read IP mode file for STMicroelectronics.X-CUBE-TOUCHGFX.4.19.1
2023-12-12 22:13:21,731 [WARN] PackLoader:238 - Cannot read IP mode file for STMicroelectronics.FP-SNS-MOTENV1.4.3.2
2023-12-12 22:13:21,763 [WARN] PackLoader:238 - Cannot read IP mode file for STMicroelectronics.X-CUBE-BLE1.6.2.3
2023-12-12 22:13:21,778 [WARN] PackLoader:238 - Cannot read IP mode file for STMicroelectronics.FP-SNS-FLIGHT1.5.0.2
2023-12-12 22:13:21,825 [WARN] PackLoader:238 - Cannot read IP mode file for STMicroelectronics.X-CUBE-BLE2.3.2.2
2023-12-12 22:13:21,872 [WARN] PackLoader:238 - Cannot read IP mode file for STMicroelectronics.X-CUBE-TOF1.3.1.0
2023-12-12 22:13:21,903 [WARN] PackLoader:238 - Cannot read IP mode file for STMicroelectronics.X-CUBE-DISPLAY.3.0.0
2023-12-12 22:13:21,935 [WARN] PackLoader:238 - Cannot read IP mode file for STMicroelectronics.X-CUBE-BLE1.7.0.0
2023-12-12 22:13:21,997 [WARN] PackLoader:238 - Cannot read IP mode file for STMicroelectronics.X-CUBE-SUBG2.4.2.0
2023-12-12 22:13:22,185 [WARN] PackLoader:238 - Cannot read IP mode file for STMicroelectronics.X-CUBE-MEMS1.9.3.0
2023-12-12 22:13:22,731 [WARN] PackLoader:238 - Cannot read IP mode file for STMicroelectronics.X-CUBE-AI.7.2.0
2023-12-12 22:13:22,747 [WARN] PackLoader:238 - Cannot read IP mode file for STMicroelectronics.FP-SNS-SMARTAG2.1.2.0
2023-12-12 22:13:22,794 [INFO] LogOutputStream:76 - [STDOUT_REDIRECT] 1 : Invalid condition id : UX_CORESTACK_Condition cause : null
2023-12-12 22:13:22,794 [INFO] LogOutputStream:76 - [STDOUT_REDIRECT] 1 : Invalid condition id : UX_CORESTACK_Condition cause : null
2023-12-12 22:13:22,794 [INFO] LogOutputStream:76 - [STDOUT_REDIRECT] 1 : Invalid condition id : UX_CORESTACK_Condition cause : null
2023-12-12 22:13:22,810 [INFO] LogOutputStream:76 - [STDOUT_REDIRECT] 1 : Invalid condition id : UX_CORESTACK_Condition cause : null
2023-12-12 22:13:22,810 [INFO] LogOutputStream:76 - [STDOUT_REDIRECT] 1 : Invalid condition id : UX_CORESTACK_Condition cause : null
2023-12-12 22:13:22,825 [WARN] PackLoader:238 - Cannot read IP mode file for STMicroelectronics.X-CUBE-AZRTOS-WL.2.0.0
2023-12-12 22:13:22,841 [WARN] PackLoader:238 - Cannot read IP mode file for WES.I-CUBE-Cesium.1.3.0
2023-12-12 22:13:22,872 [WARN] PackLoader:238 - Cannot read IP mode file for STMicroelectronics.X-CUBE-BLE2.3.3.0
2023-12-12 22:13:22,919 [WARN] PackLoader:238 - Cannot read IP mode file for STMicroelectronics.X-CUBE-DISPLAY.2.2.0
2023-12-12 22:13:22,950 [WARN] PackLoader:238 - Cannot read IP mode file for STMicroelectronics.X-CUBE-ISPU.1.0.0
2023-12-12 22:13:23,044 [WARN] PackLoader:238 - Cannot read IP mode file for STMicroelectronics.X-CUBE-AZRTOS-H7.2.1.0
2023-12-12 22:13:23,091 [WARN] PackLoader:238 - Cannot read IP mode file for STMicroelectronics.X-CUBE-ALGOBUILD.1.3.0
2023-12-12 22:13:23,169 [WARN] PackLoader:238 - Cannot read IP mode file for STMicroelectronics.X-CUBE-AZRTOS-G0.1.1.0
2023-12-12 22:13:23,185 [WARN] PackLoader:238 - Cannot read IP mode file for STMicroelectronics.X-CUBE-NFC4.3.0.0
2023-12-12 22:13:23,356 [WARN] PackLoader:238 - Cannot read IP mode file for SEGGER.I-CUBE-embOS.1.2.0
2023-12-12 22:13:23,528 [WARN] PackLoader:238 - Cannot read IP mode file for STMicroelectronics.X-CUBE-DISPLAY.2.1.0
2023-12-12 22:13:23,560 [WARN] PackLoader:238 - Cannot read IP mode file for STMicroelectronics.X-CUBE-BLEMGR.3.0.0
2023-12-12 22:13:23,575 [WARN] PackLoader:238 - Cannot read IP mode file for STMicroelectronics.FP-ATR-SIGFOX1.3.2.0
2023-12-12 22:13:23,622 [WARN] PackLoader:238 - Cannot read IP mode file for emotas.I-CUBE-CANOPEN.1.1.2
2023-12-12 22:13:23,653 [WARN] PackLoader:238 - Cannot read IP mode file for STMicroelectronics.X-CUBE-TOUCHGFX.4.20.0
2023-12-12 22:13:23,700 [WARN] PackLoader:238 - Cannot read IP mode file for STMicroelectronics.X-CUBE-TOF1.3.0.0
2023-12-12 22:13:23,731 [WARN] PackLoader:238 - Cannot read IP mode file for STMicroelectronics.X-CUBE-GNSS1.6.0.0
2023-12-12 22:13:23,825 [WARN] PackLoader:238 - Cannot read IP mode file for STMicroelectronics.X-CUBE-AZRTOS-F4.1.1.0
2023-12-12 22:13:23,888 [WARN] PackLoader:238 - Cannot read IP mode file for STMicroelectronics.X-CUBE-AZRTOS-L5.2.0.0
2023-12-12 22:13:23,903 [WARN] PackLoader:238 - Cannot read IP mode file for STMicroelectronics.X-CUBE-EEPRMA1.4.2.0
2023-12-12 22:13:23,919 [WARN] PackLoader:238 - Cannot read IP mode file for ITTIA_DB.I-CUBE-ITTIADB.8.8.0
2023-12-12 22:13:23,966 [WARN] PackLoader:238 - Cannot read IP mode file for STMicroelectronics.X-CUBE-NFC4.2.0.4
2023-12-12 22:13:24,028 [WARN] PackLoader:238 - Cannot read IP mode file for STMicroelectronics.X-CUBE-SFXS2LP1.3.1.0
2023-12-12 22:13:24,106 [WARN] PackLoader:238 - Cannot read IP mode file for STMicroelectronics.X-CUBE-AZRTOS-F4.1.0.0
2023-12-12 22:13:24,122 [WARN] PackLoader:238 - Cannot read IP mode file for STMicroelectronics.X-CUBE-NFC7.1.0.1
2023-12-12 22:13:24,200 [WARN] PackLoader:238 - Cannot read IP mode file for STMicroelectronics.X-CUBE-NFC7.1.0.0
2023-12-12 22:13:24,216 [WARN] PackLoader:238 - Cannot read IP mode file for STMicroelectronics.X-CUBE-NFC6.3.0.0
2023-12-12 22:13:24,231 [WARN] PackLoader:238 - Cannot read IP mode file for STMicroelectronics.X-CUBE-AI.8.1.0
2023-12-12 22:13:24,341 [WARN] PackLoader:238 - Cannot read IP mode file for STMicroelectronics.X-CUBE-AZRTOS-G0.1.0.0
2023-12-12 22:13:24,435 [WARN] ConditionMgr:437 - getConditionDescription Invalid condition id : LAN8742 Phy interface Condition cause : null
2023-12-12 22:13:24,435 [WARN] PackLoader:238 - Cannot read IP mode file for STMicroelectronics.X-CUBE-AZRTOS-L4.2.0.0
2023-12-12 22:13:24,450 [WARN] ConditionMgr:1038 - genDependencies : Invalid condition id : LAN8742 Phy interface Condition cause : null
2023-12-12 22:13:24,450 [WARN] ConditionMgr:1038 - genDependencies : Invalid condition id : LAN8742 Phy interface Condition cause : null
2023-12-12 22:13:24,450 [WARN] ConditionMgr:1038 - genDependencies : Invalid condition id : LAN8742 Phy interface Condition cause : null
2023-12-12 22:13:24,497 [WARN] PackLoader:238 - Cannot read IP mode file for STMicroelectronics.X-CUBE-SFXS2LP1.4.0.0
2023-12-12 22:13:24,544 [WARN] PackLoader:238 - Cannot read IP mode file for RoweBots.I-CUBE-UNISONRTOS.5.5.0-4
2023-12-12 22:13:24,606 [WARN] ConditionMgr:437 - getConditionDescription Invalid condition id : UX DEVICE CLASS RTOS Condition cause : null
2023-12-12 22:13:24,606 [WARN] ConditionMgr:437 - getConditionDescription Invalid condition id : UX DEVICE CLASS RTOS Condition cause : null
2023-12-12 22:13:24,606 [WARN] PackLoader:238 - Cannot read IP mode file for STMicroelectronics.X-CUBE-AZRTOS-WB.2.0.0
2023-12-12 22:13:24,622 [WARN] ConditionMgr:1038 - genDependencies : Invalid condition id : UX DEVICE CLASS RTOS Condition cause : null
2023-12-12 22:13:24,622 [WARN] ConditionMgr:1038 - genDependencies : Invalid condition id : UX DEVICE CLASS RTOS Condition cause : null
2023-12-12 22:13:24,622 [WARN] ConditionMgr:1038 - genDependencies : Invalid condition id : UX DEVICE CLASS RTOS Condition cause : null
2023-12-12 22:13:24,622 [WARN] ConditionMgr:1038 - genDependencies : Invalid condition id : UX DEVICE CLASS RTOS Condition cause : null
2023-12-12 22:13:24,622 [WARN] ConditionMgr:1038 - genDependencies : Invalid condition id : UX DEVICE CLASS RTOS Condition cause : null
2023-12-12 22:13:24,685 [WARN] PackLoader:238 - Cannot read IP mode file for STMicroelectronics.X-CUBE-BLEMGR.1.0.0
2023-12-12 22:13:24,763 [WARN] PackLoader:238 - Cannot read IP mode file for STMicroelectronics.X-CUBE-SUBG2.5.0.0
2023-12-12 22:13:24,810 [WARN] PackLoader:238 - Cannot read IP mode file for STMicroelectronics.X-CUBE-AZRTOS-G4.2.0.0
2023-12-12 22:13:24,825 [WARN] PackLoader:238 - Cannot read IP mode file for STMicroelectronics.FP-ATR-ASTRA1.1.1.1
2023-12-12 22:13:24,856 [WARN] PackLoader:238 - Cannot read IP mode file for Infineon.AIROC-Wi-Fi-Bluetooth-STM32.1.5.1
2023-12-12 22:13:24,903 [WARN] PackLoader:238 - Cannot read IP mode file for STMicroelectronics.FP-ATR-ASTRA1.1.1.0
2023-12-12 22:13:24,919 [WARN] PackLoader:238 - Cannot read IP mode file for STMicroelectronics.FP-SNS-MOTENVWB1.1.3.1
2023-12-12 22:13:24,997 [WARN] PackLoader:238 - Cannot read IP mode file for STMicroelectronics.X-CUBE-AZRTOS-G4.1.0.0
2023-12-12 22:13:25,075 [WARN] PackLoader:238 - Cannot read IP mode file for STMicroelectronics.X-CUBE-AZRTOS-L4.1.0.0
2023-12-12 22:13:25,106 [WARN] PackLoader:238 - Cannot read IP mode file for STMicroelectronics.X-CUBE-ISPU.2.0.0
2023-12-12 22:13:25,200 [WARN] PackLoader:238 - Cannot read IP mode file for STMicroelectronics.X-CUBE-MEMS1.10.0.0
2023-12-12 22:13:25,560 [WARN] PackLoader:238 - Cannot read IP mode file for STMicroelectronics.X-CUBE-FREERTOS.1.1.0
2023-12-12 22:13:25,669 [WARN] PackLoader:238 - Cannot read IP mode file for STMicroelectronics.X-CUBE-AZRTOS-F7.1.0.0
2023-12-12 22:13:25,747 [WARN] PackLoader:238 - Cannot read IP mode file for STMicroelectronics.X-CUBE-AZRTOS-WL.1.0.0
2023-12-12 22:13:25,778 [WARN] PackLoader:238 - Cannot read IP mode file for portGmbH.I-Cube-SoM-uGOAL.1.1.0
2023-12-12 22:13:25,810 [WARN] PackLoader:238 - Cannot read IP mode file for STMicroelectronics.X-CUBE-ALS.1.0.1
2023-12-12 22:13:25,872 [WARN] PackLoader:238 - Cannot read IP mode file for STMicroelectronics.X-CUBE-AZRTOS-L5.1.0.0
2023-12-12 22:13:25,950 [WARN] PackLoader:238 - Cannot read IP mode file for STMicroelectronics.X-CUBE-EEPRMA1.3.1.1
2023-12-12 22:13:25,981 [WARN] PackLoader:238 - Cannot read IP mode file for STMicroelectronics.X-CUBE-GNSS1.5.2.0
2023-12-12 22:13:25,981 [WARN] PackLoader:238 - Cannot read IP mode file for STMicroelectronics.FP-ATR-ASTRA1.2.0.0
2023-12-12 22:13:26,013 [WARN] PackLoader:238 - Cannot read IP mode file for STMicroelectronics.X-CUBE-TOF1.3.4.0
2023-12-12 22:13:26,122 [WARN] PackLoader:238 - Cannot read IP mode file for STMicroelectronics.X-CUBE-AZRTOS-H7.3.2.0
2023-12-12 22:13:26,138 [INFO] ThirdParty:925 - Integrity check success = true
2023-12-12 22:13:26,138 [INFO] IntegrityCheckThread:94 - exiting critical section [integrity check]
2023-12-12 22:13:26,138 [INFO] IntegrityCheckThread:97 - End integrity checks thread
2023-12-12 22:13:27,231 [INFO] ApiDb:212 - Found 97 in-development CPN: [NUCLEO-C031C6, STM32C0116-DK, STM32C011D6Y3TR, STM32C011D6Y6TR, STM32C011F4P3, STM32C011F4P6, STM32C011F4U3, STM32C011F4U6TR, STM32C011F6P3, STM32C011F6P6, STM32C011F6U3, STM32C011F6U6TR, STM32C011J4M3, STM32C011J4M6, STM32C011J6M3, STM32C011J6M6, STM32C0316-DK, STM32C031C4T3, STM32C031C4T6, STM32C031C4U3, STM32C031C4U6, STM32C031C6T3, STM32C031C6T6, STM32C031C6U3, STM32C031C6U6, STM32C031F4P3, STM32C031F4P6, STM32C031F6P3, STM32C031F6P6, STM32C031G4U3, STM32C031G4U6, STM32C031G6U3, STM32C031G6U6, STM32C031K4T3, STM32C031K4T6, STM32C031K4U3, STM32C031K4U6, STM32C031K6T3, STM32C031K6T6, STM32C031K6U3, STM32C031K6U6, STM32G071K8TXN, STM32G071K8UXN, STM32G081GBU6N, STM32G081KBT6N, STM32G081KBUXN, STM32G0B1CCT6N, STM32G0B1KCT6, STM32G0B1NEY6, STM32G0B1NEY6TR, STM32G0B1RCT6N, STM32G0C1CCT6, STM32G0C1CCT6N, STM32G0C1CCU6N, STM32G0C1CET6N, STM32G0C1CEU6N, STM32G0C1KCT6, STM32G0C1NEY6TR, STM32G0C1RCI6N, STM32G0C1RCT6N, STM32G0C1REI6N, STM32G0C1RET6N, STM32G0C1VCI6, STM32G0C1VEI6, STM32G471CCT6, STM32G471CCU6, STM32G471CET3, STM32G471CET6, STM32G471CEU3, STM32G471CEU6, STM32G471MCT6, STM32G471MET3, STM32G471MET6, STM32G471MEY6TR, STM32G471QCT6, STM32G471QET3, STM32G471RCT6, STM32G471RET3, STM32G471RET6, STM32G471VCH6, STM32G471VCI6, STM32G471VCT6, STM32G471VEH3, STM32G471VEH6, STM32G471VEI3, STM32G471VEI6, STM32G471VET3, STM32G471VET6, STM32G474CCT6, STM32L4R5QGI6STR, STM32U595ZJT6Q, STM32U599BJY6QTR, STM32U599NIH6Q, STM32U599NJH6Q, STM32U5A5ZJT6Q, STM32U5A9BJY6QTR, STM32U5A9NJH6Q]
2023-12-12 22:13:27,231 [INFO] DbMcus:201 - Found 3852 MCUs, 3852 are supported
2023-12-12 22:13:27,247 [INFO] ApiDb:407 - Load user favorites file C:\Users\Khanh Lin/.stm32cubeide/favorites.mcus.txt: 0 item(s)
2023-12-12 22:13:27,247 [INFO] ApiDb:411 - User favorites MCUs=[]
2023-12-12 22:13:27,247 [INFO] DbMcus:207 - Set 0 / 0 favorites MCUs
2023-12-12 22:13:31,216 [INFO] LoadUrlFilesThread:173 - End of LoadServerUrlFiles without Thread
2023-12-12 22:13:31,263 [INFO] DetailPanel:315 - Set advertising image to C:/Users/Khanh Lin/STM32Cube/Repository/\en.prom-stm32wl3-mcu-finder.jpg
2023-12-12 22:13:34,263 [INFO] MultiScanPanel:787 - Auto Refresh Data is not needed
2023-12-12 22:13:34,278 [INFO] ApiDb:654 - CubeFinder database Data Model version=2.1
2023-12-12 22:13:34,278 [INFO] ApiDb:655 - CubeFinder database Configuration version=3.0.39
2023-12-12 22:13:34,278 [INFO] ApiDb:656 - CubeFinder database generation date=2023-11-06 (1699269565)
2023-12-12 22:13:34,294 [INFO] ApiDb:657 - CubeFinder database FW Pack versions=[FP-ATR-ASTRA1_V2.0.0, FP-SNS-FLIGHT1_V5.0.1, FP-SNS-FLIGHT1_V5.0.2, FP-SNS-MOTENV1_V4.3.1, FP-SNS-MOTENV1_V4.3.2, FP-SNS-MOTENVWB1_V1.3.0, FP-SNS-SMARTAG2_V1.2.0, STM32Cube_FW_C0_V1.1.0, STM32Cube_FW_F4_V1.28.0, STM32Cube_FW_F7_V1.17.0, STM32Cube_FW_G0_V1.6.1, STM32Cube_FW_G4_V1.5.1, STM32Cube_FW_H5_V0.5.1, STM32Cube_FW_H5_V1.1.1, STM32Cube_FW_H5_V1.2.0RC2, STM32Cube_FW_H7_V1.11.0, STM32Cube_FW_L0_V1.12.2, STM32Cube_FW_L5_V1.5.0, STM32Cube_FW_U5_V1.3.0RC4, STM32Cube_FW_U5_V1.4.0, STM32Cube_FW_WBA_V1.0.0RC1, STM32Cube_FW_WBA_V1.1.0RC1, STM32Cube_FW_WBA_V1.2.0, STM32Cube_FW_WBA_V1.2.0RC2, STM32Cube_FW_WB_V1.15.0RC1, STM32Cube_FW_WB_V1.16.0, STM32Cube_FW_WB_V1.16.0RC2, STM32Cube_FW_WB_V1.18.0, STM32Cube_FW_WL_V1.3.0, X-CUBE-ALGOBUILD_V1.3.0, X-CUBE-ALS_V1.0.1, X-CUBE-AZRTOS-F4_V1.1.0, X-CUBE-AZRTOS-F7_V1.1.0, X-CUBE-AZRTOS-G0_V1.1.0, X-CUBE-AZRTOS-G4_V2.0.0, X-CUBE-AZRTOS-H7_V3.1.0, X-CUBE-AZRTOS-L4_V1.0.0, X-CUBE-AZRTOS-L4_V2.0.0, X-CUBE-AZRTOS-L5_V1.1.0, X-CUBE-AZRTOS-WB_V2.0.0, X-CUBE-AZRTOS-WL_V2.0.0, X-CUBE-BLE1_V7.0.0, X-CUBE-BLE2_V3.3.0, X-CUBE-BLEMGR_V2.0.0, X-CUBE-EEPRMA1_V4.1.0, X-CUBE-EEPRMA1_V4.2.0, X-CUBE-FREERTOS_V1.1.0, X-CUBE-GNSS1_V6.0.0, X-CUBE-MEMS1_V10.0.0, X-CUBE-MEMS1_V9.1.0, X-CUBE-MEMS1_V9.4.0, X-CUBE-MEMS1_V9.6.0, X-CUBE-NFC4_V3.0.0, X-CUBE-NFC7_V1.0.1, X-CUBE-SFXS2LP1_V4.0.0, X-CUBE-SUBG2_V5.0.0, X-CUBE-TOF1_V3.3.1]
2023-12-12 22:13:34,497 [INFO] DbBoardsSqlite:220 - include board P-NUCLEO-WB55-NUCLEO as a kit item of type 'Nucleo-64'
2023-12-12 22:13:34,497 [INFO] DbBoardsSqlite:220 - include board P-NUCLEO-WB55-USBDONGLE as a kit item of type 'Nucleo USB Dongle'
2023-12-12 22:13:34,497 [INFO] DbBoardsSqlite:220 - include board STEVAL-IDP005V1 as a kit item of type 'Evaluation Board'
2023-12-12 22:13:34,497 [INFO] DbBoardsSqlite:220 - include board STEVAL-IDP005V2 as a kit item of type 'Evaluation Board'
2023-12-12 22:13:34,700 [INFO] ApiDb:212 - Found 97 in-development CPN: [NUCLEO-C031C6, STM32C0116-DK, STM32C011D6Y3TR, STM32C011D6Y6TR, STM32C011F4P3, STM32C011F4P6, STM32C011F4U3, STM32C011F4U6TR, STM32C011F6P3, STM32C011F6P6, STM32C011F6U3, STM32C011F6U6TR, STM32C011J4M3, STM32C011J4M6, STM32C011J6M3, STM32C011J6M6, STM32C0316-DK, STM32C031C4T3, STM32C031C4T6, STM32C031C4U3, STM32C031C4U6, STM32C031C6T3, STM32C031C6T6, STM32C031C6U3, STM32C031C6U6, STM32C031F4P3, STM32C031F4P6, STM32C031F6P3, STM32C031F6P6, STM32C031G4U3, STM32C031G4U6, STM32C031G6U3, STM32C031G6U6, STM32C031K4T3, STM32C031K4T6, STM32C031K4U3, STM32C031K4U6, STM32C031K6T3, STM32C031K6T6, STM32C031K6U3, STM32C031K6U6, STM32G071K8TXN, STM32G071K8UXN, STM32G081GBU6N, STM32G081KBT6N, STM32G081KBUXN, STM32G0B1CCT6N, STM32G0B1KCT6, STM32G0B1NEY6, STM32G0B1NEY6TR, STM32G0B1RCT6N, STM32G0C1CCT6, STM32G0C1CCT6N, STM32G0C1CCU6N, STM32G0C1CET6N, STM32G0C1CEU6N, STM32G0C1KCT6, STM32G0C1NEY6TR, STM32G0C1RCI6N, STM32G0C1RCT6N, STM32G0C1REI6N, STM32G0C1RET6N, STM32G0C1VCI6, STM32G0C1VEI6, STM32G471CCT6, STM32G471CCU6, STM32G471CET3, STM32G471CET6, STM32G471CEU3, STM32G471CEU6, STM32G471MCT6, STM32G471MET3, STM32G471MET6, STM32G471MEY6TR, STM32G471QCT6, STM32G471QET3, STM32G471RCT6, STM32G471RET3, STM32G471RET6, STM32G471VCH6, STM32G471VCI6, STM32G471VCT6, STM32G471VEH3, STM32G471VEH6, STM32G471VEI3, STM32G471VEI6, STM32G471VET3, STM32G471VET6, STM32G474CCT6, STM32L4R5QGI6STR, STM32U595ZJT6Q, STM32U599BJY6QTR, STM32U599NIH6Q, STM32U599NJH6Q, STM32U5A5ZJT6Q, STM32U5A9BJY6QTR, STM32U5A9NJH6Q]
2023-12-12 22:13:34,919 [INFO] BoardInfo:872 - No configuration file found for board NUCLEO-H503RB
2023-12-12 22:13:34,935 [INFO] DbBoards:144 - Board is not supported: NUCLEO-H503RB
2023-12-12 22:13:34,935 [INFO] BoardInfo:872 - No configuration file found for board NUCLEO-H563ZI
2023-12-12 22:13:34,935 [INFO] DbBoards:144 - Board is not supported: NUCLEO-H563ZI
2023-12-12 22:13:35,091 [INFO] BoardInfo:872 - No configuration file found for board NUCLEO-U545RE-Q
2023-12-12 22:13:35,091 [INFO] DbBoards:144 - Board is not supported: NUCLEO-U545RE-Q
2023-12-12 22:13:35,106 [INFO] BoardInfo:872 - No configuration file found for board NUCLEO-U5A5ZJ-Q
2023-12-12 22:13:35,106 [INFO] DbBoards:144 - Board is not supported: NUCLEO-U5A5ZJ-Q
2023-12-12 22:13:35,106 [INFO] BoardInfo:872 - No configuration file found for board NUCLEO-WBA52CG
2023-12-12 22:13:35,122 [INFO] DbBoards:144 - Board is not supported: NUCLEO-WBA52CG
2023-12-12 22:13:35,153 [INFO] BoardInfo:872 - No configuration file found for board P-NUCLEO-WB55
2023-12-12 22:13:35,153 [INFO] DbBoards:144 - Kit is not supported: P-NUCLEO-WB55
2023-12-12 22:13:35,153 [INFO] BoardInfo:872 - No configuration file found for board STEVAL-ASTRA1B
2023-12-12 22:13:35,169 [INFO] DbBoards:144 - Board is not supported: STEVAL-ASTRA1B
2023-12-12 22:13:35,169 [INFO] BoardInfo:872 - No configuration file found for board STEVAL-BFA001V1B
2023-12-12 22:13:35,169 [INFO] DbBoards:144 - Kit is not supported: STEVAL-BFA001V1B
2023-12-12 22:13:35,169 [INFO] BoardInfo:872 - No configuration file found for board STEVAL-BFA001V2B
2023-12-12 22:13:35,169 [INFO] DbBoards:144 - Kit is not supported: STEVAL-BFA001V2B
2023-12-12 22:13:35,185 [INFO] BoardInfo:872 - No configuration file found for board STEVAL-MKBOXPRO
2023-12-12 22:13:35,185 [INFO] DbBoards:144 - Board is not supported: STEVAL-MKBOXPRO
2023-12-12 22:13:35,185 [INFO] BoardInfo:872 - No configuration file found for board STEVAL-PROTEUS1
2023-12-12 22:13:35,185 [INFO] DbBoards:144 - Board is not supported: STEVAL-PROTEUS1
2023-12-12 22:13:35,200 [INFO] BoardInfo:872 - No configuration file found for board STEVAL-SMARTAG2
2023-12-12 22:13:35,200 [INFO] DbBoards:144 - Board is not supported: STEVAL-SMARTAG2
2023-12-12 22:13:35,200 [INFO] BoardInfo:872 - No configuration file found for board STEVAL-STWINBX1
2023-12-12 22:13:35,200 [INFO] DbBoards:144 - Board is not supported: STEVAL-STWINBX1
2023-12-12 22:13:35,216 [INFO] BoardInfo:872 - No configuration file found for board STM320518-EVAL
2023-12-12 22:13:35,216 [INFO] DbBoards:144 - Board is not supported: STM320518-EVAL
2023-12-12 22:13:35,388 [INFO] BoardInfo:872 - No configuration file found for board STM32H573I-DK
2023-12-12 22:13:35,388 [INFO] DbBoards:144 - Board is not supported: STM32H573I-DK
2023-12-12 22:13:35,513 [INFO] BoardInfo:872 - No configuration file found for board STM32MP135F-DK
2023-12-12 22:13:35,513 [INFO] DbBoards:144 - Board is not supported: STM32MP135F-DK
2023-12-12 22:13:35,544 [INFO] BoardInfo:872 - No configuration file found for board STM32U5A9J-DK
2023-12-12 22:13:35,544 [INFO] DbBoards:144 - Board is not supported: STM32U5A9J-DK
2023-12-12 22:13:35,560 [INFO] DbBoards:148 - Found 186 boards, 169 are supported
2023-12-12 22:13:35,560 [INFO] ApiDb:407 - Load user favorites file C:\Users\Khanh Lin/.stm32cubeide/favorites.boards.txt: 0 item(s)
2023-12-12 22:13:35,560 [INFO] ApiDb:411 - User favorites Boards=[]
2023-12-12 22:13:35,575 [INFO] DbBoards:174 - Set 0 / 0 favorites Boards
2023-12-12 22:14:00,205 [INFO] MultiScanPanel:195 - Auto-refresh data requested => check proxy status ongoing
2023-12-12 22:14:00,596 [INFO] LoadUrlFilesThread:173 - End of LoadServerUrlFiles without Thread
2023-12-12 22:14:00,596 [INFO] DetailPanel:315 - Set advertising image to C:/Users/Khanh Lin/STM32Cube/Repository/\en.prom-stm32wl3-mcu-finder.jpg
2023-12-12 22:14:00,627 [INFO] DbBoards:259 - Loading board mini-images...
2023-12-12 22:14:00,987 [ERROR] DbBoards:276 - Image file not found for board NUCLEO-C031C6: C:\ST\STM32CubeIDE_1.9.0\STM32CubeIDE\plugins\com.st.stm32cube.common.mx_6.5.0.202202251913\\db\/plugins/mcufinder/images/boards/bp-nucleo-c031c6.jpg
2023-12-12 22:14:02,373 [ERROR] DbBoards:276 - Image file not found for board NUCLEO-H503RB: C:\ST\STM32CubeIDE_1.9.0\STM32CubeIDE\plugins\com.st.stm32cube.common.mx_6.5.0.202202251913\\db\/plugins/mcufinder/images/boards/bp-nucleo-h503rb-estore.jpg
2023-12-12 22:14:02,374 [ERROR] DbBoards:276 - Image file not found for board NUCLEO-H563ZI: C:\ST\STM32CubeIDE_1.9.0\STM32CubeIDE\plugins\com.st.stm32cube.common.mx_6.5.0.202202251913\\db\/plugins/mcufinder/images/boards/bp-nucleo-h563zi-estore.jpg
2023-12-12 22:14:03,397 [ERROR] DbBoards:276 - Image file not found for board NUCLEO-U545RE-Q: C:\ST\STM32CubeIDE_1.9.0\STM32CubeIDE\plugins\com.st.stm32cube.common.mx_6.5.0.202202251913\\db\/plugins/mcufinder/images/boards/nucleo-u545re-q.jpg
2023-12-12 22:14:03,428 [ERROR] DbBoards:276 - Image file not found for board NUCLEO-U5A5ZJ-Q: C:\ST\STM32CubeIDE_1.9.0\STM32CubeIDE\plugins\com.st.stm32cube.common.mx_6.5.0.202202251913\\db\/plugins/mcufinder/images/boards/nucleo-u545re-q.jpg
2023-12-12 22:14:03,428 [ERROR] DbBoards:279 - No image file defined for board NUCLEO-WB15CC
2023-12-12 22:14:03,475 [ERROR] DbBoards:276 - Image file not found for board NUCLEO-WBA52CG: C:\ST\STM32CubeIDE_1.9.0\STM32CubeIDE\plugins\com.st.stm32cube.common.mx_6.5.0.202202251913\\db\/plugins/mcufinder/images/boards/nucleo-wba52cg-board-photo.jpg
2023-12-12 22:14:03,553 [ERROR] DbBoards:276 - Image file not found for board P-L496G-CELL01: C:\ST\STM32CubeIDE_1.9.0\STM32CubeIDE\plugins\com.st.stm32cube.common.mx_6.5.0.202202251913\\db\/plugins/mcufinder/images/boards/P-L496G-CELL01.jpg
2023-12-12 22:14:03,678 [ERROR] DbBoards:276 - Image file not found for board STEVAL-ASTRA1B: C:\ST\STM32CubeIDE_1.9.0\STM32CubeIDE\plugins\com.st.stm32cube.common.mx_6.5.0.202202251913\\db\/plugins/mcufinder/images/boards/STEVAL-ASTRA1B_Image.jpg
2023-12-12 22:14:03,725 [ERROR] DbBoards:276 - Image file not found for board STEVAL-MKBOXPRO: C:\ST\STM32CubeIDE_1.9.0\STM32CubeIDE\plugins\com.st.stm32cube.common.mx_6.5.0.202202251913\\db\/plugins/mcufinder/images/boards/steval-mkboxpro-image.jpg
2023-12-12 22:14:03,740 [ERROR] DbBoards:276 - Image file not found for board STEVAL-PROTEUS1: C:\ST\STM32CubeIDE_1.9.0\STM32CubeIDE\plugins\com.st.stm32cube.common.mx_6.5.0.202202251913\\db\/plugins/mcufinder/images/boards/steval-proteus1_image.jpg
2023-12-12 22:14:03,740 [ERROR] DbBoards:276 - Image file not found for board STEVAL-SMARTAG2: C:\ST\STM32CubeIDE_1.9.0\STM32CubeIDE\plugins\com.st.stm32cube.common.mx_6.5.0.202202251913\\db\/plugins/mcufinder/images/boards/steval-smartag2-image.jpg
2023-12-12 22:14:03,740 [ERROR] DbBoards:276 - Image file not found for board STEVAL-STWINBX1: C:\ST\STM32CubeIDE_1.9.0\STM32CubeIDE\plugins\com.st.stm32cube.common.mx_6.5.0.202202251913\\db\/plugins/mcufinder/images/boards/stwinbx1-image.jpg
2023-12-12 22:14:03,897 [ERROR] DbBoards:276 - Image file not found for board STM320518-EVAL: C:\ST\STM32CubeIDE_1.9.0\STM32CubeIDE\plugins\com.st.stm32cube.common.mx_6.5.0.202202251913\\db\/plugins/mcufinder/images/boards/stm320518-eval.jpg
2023-12-12 22:14:03,912 [ERROR] DbBoards:279 - No image file defined for board STM32091C-EVAL
2023-12-12 22:14:03,912 [ERROR] DbBoards:279 - No image file defined for board STM32100E-EVAL
2023-12-12 22:14:03,912 [ERROR] DbBoards:279 - No image file defined for board STM3210C-EVAL
2023-12-12 22:14:03,975 [ERROR] DbBoards:279 - No image file defined for board STM3221G-EVAL
2023-12-12 22:14:03,975 [ERROR] DbBoards:276 - Image file not found for board STM32303C-EVAL: C:\ST\STM32CubeIDE_1.9.0\STM32CubeIDE\plugins\com.st.stm32cube.common.mx_6.5.0.202202251913\\db\/plugins/mcufinder/images/boards/stm32303c-eval.jpg
2023-12-12 22:14:04,147 [ERROR] DbBoards:276 - Image file not found for board STM32469I-EVAL: C:\ST\STM32CubeIDE_1.9.0\STM32CubeIDE\plugins\com.st.stm32cube.common.mx_6.5.0.202202251913\\db\/plugins/mcufinder/images/boards/stm32469i-eval.jpg
2023-12-12 22:14:04,147 [ERROR] DbBoards:279 - No image file defined for board STM32479I-EVAL
2023-12-12 22:14:04,193 [ERROR] DbBoards:276 - Image file not found for board STM32C0116-DK: C:\ST\STM32CubeIDE_1.9.0\STM32CubeIDE\plugins\com.st.stm32cube.common.mx_6.5.0.202202251913\\db\/plugins/mcufinder/images/boards/bp-stm32c0116-dk.jpg
2023-12-12 22:14:04,193 [ERROR] DbBoards:276 - Image file not found for board STM32C0316-DK: C:\ST\STM32CubeIDE_1.9.0\STM32CubeIDE\plugins\com.st.stm32cube.common.mx_6.5.0.202202251913\\db\/plugins/mcufinder/images/boards/bp-stm32c0316-dk.jpg
2023-12-12 22:14:04,334 [ERROR] DbBoards:279 - No image file defined for board STM32F401C-DISCO
2023-12-12 22:14:04,600 [ERROR] DbBoards:279 - No image file defined for board STM32F7308-DK
2023-12-12 22:14:04,881 [ERROR] DbBoards:276 - Image file not found for board STM32F779I-EVAL: C:\ST\STM32CubeIDE_1.9.0\STM32CubeIDE\plugins\com.st.stm32cube.common.mx_6.5.0.202202251913\\db\/plugins/mcufinder/images/boards/stm32f779i-eval.jpg
2023-12-12 22:14:05,272 [ERROR] DbBoards:276 - Image file not found for board STM32H573I-DK: C:\ST\STM32CubeIDE_1.9.0\STM32CubeIDE\plugins\com.st.stm32cube.common.mx_6.5.0.202202251913\\db\/plugins/mcufinder/images/boards/bp-stm32h573i-dk-estore.jpg
2023-12-12 22:14:05,647 [ERROR] DbBoards:279 - No image file defined for board STM32L-DISCOVERY
2023-12-12 22:14:05,740 [ERROR] DbBoards:279 - No image file defined for board STM32L152D-EVAL
2023-12-12 22:14:06,084 [ERROR] DbBoards:276 - Image file not found for board STM32MP135F-DK: C:\ST\STM32CubeIDE_1.9.0\STM32CubeIDE\plugins\com.st.stm32cube.common.mx_6.5.0.202202251913\\db\/plugins/mcufinder/images/boards/web-stm32mp135f-dk-board.jpg
2023-12-12 22:14:06,490 [ERROR] DbBoards:276 - Image file not found for board STM32U5A9J-DK: C:\ST\STM32CubeIDE_1.9.0\STM32CubeIDE\plugins\com.st.stm32cube.common.mx_6.5.0.202202251913\\db\/plugins/mcufinder/images/boards/stm32u5a9j-dk-board-photo.jpg
2023-12-12 22:14:06,537 [INFO] DbBoards:282 - Loaded 155 board mini-images
2023-12-12 22:14:06,787 [INFO] MultiScanPanel:787 - Auto Refresh Data is not needed
2023-12-12 22:14:46,395 [INFO] McuFinderGlobals:52 - Set McuFinderConnectedMode to true
2023-12-12 22:14:46,395 [INFO] ApiDb:432 - Save user favorites file C:\Users\Khanh Lin/.stm32cubeide/favorites.mcus.txt: 0 item(s)
2023-12-12 22:14:46,395 [INFO] ApiDb:436 - User favorites MCUs=[]
2023-12-12 22:14:46,395 [INFO] ApiDb:432 - Save user favorites file C:\Users\Khanh Lin/.stm32cubeide/favorites.boards.txt: 0 item(s)
2023-12-12 22:14:46,395 [INFO] ApiDb:436 - User favorites Boards=[]
