2023-12-11 22:10:48,226 [INFO] Activator:177 - 


2023-12-11 22:10:48,282 [INFO] Activator:178 - !SESSION log4j initialized
2023-12-12 21:55:42,609 [INFO] Activator:177 - 


2023-12-12 21:55:42,611 [INFO] Activator:178 - !SESSION log4j initialized
2023-12-12 22:07:09,606 [INFO] McuFinderGlobals:39 - Set McuFinder mode to 2 (CubeIDE integrated)
2023-12-12 22:07:10,609 [INFO] ApplicationProperties:181 - Using Application install path: C:\ST\STM32CubeIDE_1.9.0\STM32CubeIDE\plugins\com.st.stm32cube.common.mx_6.5.0.202202251913
2023-12-12 22:07:10,643 [INFO] DbMcusXml:72 - Set database path to: C:\ST\STM32CubeIDE_1.9.0\STM32CubeIDE\plugins\com.st.stm32cube.common.mx_6.5.0.202202251913\\db\/mcu/
2023-12-12 22:07:10,643 [INFO] ApiDb:260 - Set plugin database path to: C:\ST\STM32CubeIDE_1.9.0\STM32CubeIDE\plugins\com.st.stm32cube.common.mx_6.5.0.202202251913\\db\/plugins/boardmanager/
2023-12-12 22:07:10,658 [WARN] ApiDb:245 - Overriding images path with different value:  => C:\ST\STM32CubeIDE_1.9.0\STM32CubeIDE\plugins\com.st.stm32cube.common.mx_6.5.0.202202251913\\db\/plugins/mcufinder/images/
2023-12-12 22:07:10,723 [INFO] ApiDb:226 - Set database path to: C:\Users\Khanh Lin\.stmcufinder\plugins\mcufinder//mcu/
2023-12-12 22:07:10,728 [INFO] DbMcusAds:119 - Set database path to: C:\Users\Khanh Lin\.stmcufinder\plugins\mcufinder//mcu/
2023-12-12 22:07:11,672 [INFO] CrossReferenceDbSqlite:196 - Set database path to: C:\Users\Khanh Lin\.stmcufinder\plugins\mcufinder//mcu/cs/
2023-12-12 22:07:11,927 [INFO] RulesReader:57 - Compatibility file has been processed (281 Rules)
2023-12-12 22:07:12,160 [INFO] DbMcusXml:72 - Set database path to: C:\ST\STM32CubeIDE_1.9.0\STM32CubeIDE\plugins\com.st.stm32cube.common.mx_6.5.0.202202251913\\db\/mcu/
2023-12-12 22:07:12,160 [INFO] ApiDb:260 - Set plugin database path to: C:\ST\STM32CubeIDE_1.9.0\STM32CubeIDE\plugins\com.st.stm32cube.common.mx_6.5.0.202202251913\\db\/plugins/boardmanager/
2023-12-12 22:07:12,160 [INFO] ApiDb:247 - Set plugin images path to: C:\ST\STM32CubeIDE_1.9.0\STM32CubeIDE\plugins\com.st.stm32cube.common.mx_6.5.0.202202251913\\db\/plugins/mcufinder/images/
2023-12-12 22:07:12,160 [WARN] DbFile:35 - Overriding database path with different value: C:\Users\Khanh Lin\.stmcufinder\plugins\mcufinder/ => C:\Users\Khanh Lin\.stmcufinder\plugins\mcufinder
2023-12-12 22:07:12,160 [INFO] ApiDb:226 - Set database path to: C:\Users\Khanh Lin\.stmcufinder\plugins\mcufinder//mcu/
2023-12-12 22:07:12,160 [WARN] DbFile:35 - Overriding database path with different value: C:\Users\Khanh Lin\.stmcufinder\plugins\mcufinder/ => C:\Users\Khanh Lin\.stmcufinder\plugins\mcufinder
2023-12-12 22:07:12,160 [INFO] DbMcusAds:119 - Set database path to: C:\Users\Khanh Lin\.stmcufinder\plugins\mcufinder//mcu/
2023-12-12 22:07:12,160 [WARN] DbFile:35 - Overriding database path with different value: C:\Users\Khanh Lin\.stmcufinder\plugins\mcufinder/ => C:\Users\Khanh Lin\.stmcufinder\plugins\mcufinder
2023-12-12 22:07:12,160 [WARN] DbFile:35 - Overriding database path with different value: C:\Users\Khanh Lin\.stmcufinder\plugins\mcufinder/ => C:\Users\Khanh Lin\.stmcufinder\plugins\mcufinder
2023-12-12 22:07:13,174 [INFO] CrossReferenceDbSqlite:196 - Set database path to: C:\Users\Khanh Lin\.stmcufinder\plugins\mcufinder//mcu/cs/
2023-12-12 22:07:13,406 [INFO] MainPanel:230 - HeapMemory: 268435456
2023-12-12 22:07:13,638 [INFO] DbMcusXml:72 - Set database path to: C:\ST\STM32CubeIDE_1.9.0\STM32CubeIDE\plugins\com.st.stm32cube.common.mx_6.5.0.202202251913\\db\/mcu/
2023-12-12 22:07:13,638 [INFO] ApiDb:260 - Set plugin database path to: C:\ST\STM32CubeIDE_1.9.0\STM32CubeIDE\plugins\com.st.stm32cube.common.mx_6.5.0.202202251913\\db\/plugins/boardmanager/
2023-12-12 22:07:13,638 [INFO] ApiDb:247 - Set plugin images path to: C:\ST\STM32CubeIDE_1.9.0\STM32CubeIDE\plugins\com.st.stm32cube.common.mx_6.5.0.202202251913\\db\/plugins/mcufinder/images/
2023-12-12 22:07:13,638 [WARN] DbFile:35 - Overriding database path with different value: C:\Users\Khanh Lin\.stmcufinder\plugins\mcufinder/ => C:\Users\Khanh Lin\.stmcufinder\plugins\mcufinder
2023-12-12 22:07:13,638 [INFO] ApiDb:226 - Set database path to: C:\Users\Khanh Lin\.stmcufinder\plugins\mcufinder//mcu/
2023-12-12 22:07:13,654 [WARN] DbFile:35 - Overriding database path with different value: C:\Users\Khanh Lin\.stmcufinder\plugins\mcufinder/ => C:\Users\Khanh Lin\.stmcufinder\plugins\mcufinder
2023-12-12 22:07:13,655 [INFO] DbMcusAds:119 - Set database path to: C:\Users\Khanh Lin\.stmcufinder\plugins\mcufinder//mcu/
2023-12-12 22:07:13,655 [WARN] DbFile:35 - Overriding database path with different value: C:\Users\Khanh Lin\.stmcufinder\plugins\mcufinder/ => C:\Users\Khanh Lin\.stmcufinder\plugins\mcufinder
2023-12-12 22:07:13,655 [WARN] DbFile:35 - Overriding database path with different value: C:\Users\Khanh Lin\.stmcufinder\plugins\mcufinder/ => C:\Users\Khanh Lin\.stmcufinder\plugins\mcufinder
2023-12-12 22:07:14,171 [INFO] CrossReferenceDbSqlite:196 - Set database path to: C:\Users\Khanh Lin\.stmcufinder\plugins\mcufinder//mcu/cs/
2023-12-12 22:07:14,209 [INFO] ApplicationProperties:181 - Using Application install path: C:\ST\STM32CubeIDE_1.9.0\STM32CubeIDE\plugins\com.st.stm32cube.common.mx_6.5.0.202202251913
2023-12-12 22:07:14,225 [INFO] PluginManage:188 - Search for loadable plugins [exclusion list=, ]
2023-12-12 22:07:14,225 [INFO] PluginManage:302 - Check plugin analytics
2023-12-12 22:07:24,808 [INFO] AnalyticsPlugin:257 - Accepted Software Licenses: 
2023-12-12 22:07:24,808 [INFO] AnalyticsPlugin:259 - Accepted CMSIS Pack Licenses: 
2023-12-12 22:07:24,808 [INFO] AnalyticsPlugin:261 - Accepted Firmware Licenses: 
2023-12-12 22:07:24,851 [INFO] PluginManage:352 - Loaded plugin analytics (category:tool,tabindex:-1)
2023-12-12 22:07:24,852 [INFO] PluginManage:302 - Check plugin clock
2023-12-12 22:07:25,032 [INFO] PluginManage:352 - Loaded plugin clock (category:base,tabindex:2)
2023-12-12 22:07:25,032 [INFO] PluginManage:302 - Check plugin ddr
2023-12-12 22:07:25,050 [INFO] PluginManage:352 - Loaded plugin ddr (category:tool,tabindex:6)
2023-12-12 22:07:25,051 [INFO] PluginManage:302 - Check plugin filemanager
2023-12-12 22:07:25,573 [INFO] PluginManage:352 - Loaded plugin filemanager (category:base,tabindex:10)
2023-12-12 22:07:25,573 [INFO] PluginManage:302 - Check plugin ipmanager
2023-12-12 22:07:25,616 [INFO] PluginManage:352 - Loaded plugin ipmanager (category:base,tabindex:5)
2023-12-12 22:07:25,616 [INFO] PluginManage:302 - Check plugin lpbam
2023-12-12 22:07:25,657 [INFO] PluginManage:352 - Loaded plugin lpbam (category:base,tabindex:0)
2023-12-12 22:07:25,657 [INFO] PluginManage:302 - Check plugin pinoutandconfiguration
2023-12-12 22:07:25,734 [INFO] PluginManage:352 - Loaded plugin pinoutandconfiguration (category:base,tabindex:1)
2023-12-12 22:07:25,736 [INFO] PluginManage:302 - Check plugin pinoutconfig
2023-12-12 22:07:25,976 [INFO] PluginManage:352 - Loaded plugin pinoutconfig (category:base,tabindex:0)
2023-12-12 22:07:25,976 [INFO] PluginManage:302 - Check plugin power
2023-12-12 22:07:26,070 [INFO] PluginManage:352 - Loaded plugin power (category:power,tabindex:4)
2023-12-12 22:07:26,072 [INFO] PluginManage:302 - Check plugin projectmanager
2023-12-12 22:07:26,123 [INFO] PluginManage:352 - Loaded plugin projectmanager (category:projectmanager,tabindex:3)
2023-12-12 22:07:26,123 [INFO] PluginManage:302 - Check plugin thirdparty
2023-12-12 22:07:27,554 [INFO] PluginManage:352 - Loaded plugin thirdparty (category:base,tabindex:-1)
2023-12-12 22:07:27,563 [INFO] PluginManage:302 - Check plugin tools
2023-12-12 22:07:27,576 [WARN] IntegrityCheckThread:78 - waiting for thirdparty lock release [integrity check]
2023-12-12 22:07:27,578 [INFO] IntegrityCheckThread:80 - entering critical section [integrity check]
2023-12-12 22:07:27,582 [INFO] ThirdPartyUpdaterWithRetryManager:66 - Updater plugin not ready yet. [1/15]
2023-12-12 22:07:27,789 [INFO] PluginManage:352 - Loaded plugin tools (category:base,tabindex:7)
2023-12-12 22:07:27,789 [INFO] PluginManage:302 - Check plugin tutovideos
2023-12-12 22:07:28,290 [INFO] PluginManage:352 - Loaded plugin tutovideos (category:base,tabindex:-1)
2023-12-12 22:07:28,290 [INFO] PluginManage:302 - Check plugin updater
2023-12-12 22:07:28,477 [INFO] PluginManage:352 - Loaded plugin updater (category:base,tabindex:12)
2023-12-12 22:07:28,477 [INFO] PluginManage:275 - PluginManage : Loaded plugins [14]
2023-12-12 22:07:29,334 [INFO] PinOutPanel:1465 - setPackage(No Configuration,No Configuration)
2023-12-12 22:07:29,577 [INFO] IPUIPlugin:75 - create IPUIPlugin
2023-12-12 22:07:29,577 [INFO] PluginManager:213 - loadIPPluginJar : add adc
2023-12-12 22:07:29,673 [INFO] IPUIPlugin:75 - create IPUIPlugin
2023-12-12 22:07:29,673 [INFO] PluginManager:213 - loadIPPluginJar : add aes
2023-12-12 22:07:29,757 [INFO] IPUIPlugin:75 - create IPUIPlugin
2023-12-12 22:07:29,757 [INFO] PluginManager:213 - loadIPPluginJar : add can
2023-12-12 22:07:29,811 [INFO] IPUIPlugin:75 - create IPUIPlugin
2023-12-12 22:07:29,812 [INFO] PluginManager:213 - loadIPPluginJar : add comp
2023-12-12 22:07:29,953 [INFO] IPUIPlugin:75 - create IPUIPlugin
2023-12-12 22:07:29,955 [INFO] PluginManager:213 - loadIPPluginJar : add cryp
2023-12-12 22:07:30,022 [INFO] IPUIPlugin:75 - create IPUIPlugin
2023-12-12 22:07:30,022 [INFO] PluginManager:213 - loadIPPluginJar : add dfsdm
2023-12-12 22:07:30,075 [INFO] IPUIPlugin:75 - create IPUIPlugin
2023-12-12 22:07:30,075 [INFO] PluginManager:213 - loadIPPluginJar : add dma
2023-12-12 22:07:30,241 [INFO] IPUIPlugin:75 - create IPUIPlugin
2023-12-12 22:07:30,241 [INFO] PluginManager:213 - loadIPPluginJar : add dma3
2023-12-12 22:07:30,288 [INFO] IPUIPlugin:75 - create IPUIPlugin
2023-12-12 22:07:30,288 [INFO] PluginManager:213 - loadIPPluginJar : add fatfs
2023-12-12 22:07:30,408 [INFO] IPUIPlugin:75 - create IPUIPlugin
2023-12-12 22:07:30,408 [INFO] PluginManager:213 - loadIPPluginJar : add fmc
2023-12-12 22:07:30,439 [INFO] IPUIPlugin:75 - create IPUIPlugin
2023-12-12 22:07:30,439 [INFO] PluginManager:213 - loadIPPluginJar : add freertos
2023-12-12 22:07:30,491 [INFO] IPUIPlugin:75 - create IPUIPlugin
2023-12-12 22:07:30,491 [INFO] PluginManager:213 - loadIPPluginJar : add genericplugin
2023-12-12 22:07:30,589 [INFO] ThirdPartyUpdaterWithRetryManager:66 - Updater plugin not ready yet. [2/15]
2023-12-12 22:07:30,671 [INFO] IPUIPlugin:75 - create IPUIPlugin
2023-12-12 22:07:30,671 [INFO] PluginManager:213 - loadIPPluginJar : add gfxmmu
2023-12-12 22:07:31,039 [INFO] IPUIPlugin:75 - create IPUIPlugin
2023-12-12 22:07:31,039 [INFO] PluginManager:213 - loadIPPluginJar : add gic
2023-12-12 22:07:31,075 [INFO] IPUIPlugin:75 - create IPUIPlugin
2023-12-12 22:07:31,075 [INFO] PluginManager:213 - loadIPPluginJar : add gpio
2023-12-12 22:07:31,355 [INFO] IPUIPlugin:75 - create IPUIPlugin
2023-12-12 22:07:31,356 [INFO] PluginManager:213 - loadIPPluginJar : add gtzc
2023-12-12 22:07:31,438 [INFO] IPUIPlugin:75 - create IPUIPlugin
2023-12-12 22:07:31,438 [INFO] PluginManager:213 - loadIPPluginJar : add hash
2023-12-12 22:07:31,639 [INFO] IPUIPlugin:75 - create IPUIPlugin
2023-12-12 22:07:31,639 [INFO] PluginManager:213 - loadIPPluginJar : add i2c
2023-12-12 22:07:31,770 [INFO] IPUIPlugin:75 - create IPUIPlugin
2023-12-12 22:07:31,770 [INFO] PluginManager:213 - loadIPPluginJar : add i2s
2023-12-12 22:07:31,828 [INFO] IPUIPlugin:75 - create IPUIPlugin
2023-12-12 22:07:31,828 [INFO] PluginManager:213 - loadIPPluginJar : add ipddr
2023-12-12 22:07:32,134 [INFO] IPUIPlugin:75 - create IPUIPlugin
2023-12-12 22:07:32,135 [INFO] PluginManager:213 - loadIPPluginJar : add linkedlist
2023-12-12 22:07:32,242 [INFO] IPUIPlugin:75 - create IPUIPlugin
2023-12-12 22:07:32,242 [INFO] PluginManager:213 - loadIPPluginJar : add lorawan
2023-12-12 22:07:32,359 [INFO] IPUIPlugin:75 - create IPUIPlugin
2023-12-12 22:07:32,375 [INFO] PluginManager:213 - loadIPPluginJar : add ltdc
2023-12-12 22:07:32,421 [INFO] IPUIPlugin:75 - create IPUIPlugin
2023-12-12 22:07:32,421 [INFO] PluginManager:213 - loadIPPluginJar : add mdma
2023-12-12 22:07:32,476 [INFO] IPUIPlugin:75 - create IPUIPlugin
2023-12-12 22:07:32,476 [INFO] PluginManager:213 - loadIPPluginJar : add nvic
2023-12-12 22:07:32,591 [INFO] IPUIPlugin:75 - create IPUIPlugin
2023-12-12 22:07:32,591 [INFO] PluginManager:213 - loadIPPluginJar : add opamp
2023-12-12 22:07:32,754 [INFO] IPUIPlugin:75 - create IPUIPlugin
2023-12-12 22:07:32,754 [INFO] PluginManager:213 - loadIPPluginJar : add openamp
2023-12-12 22:07:32,855 [INFO] IPUIPlugin:75 - create IPUIPlugin
2023-12-12 22:07:32,855 [INFO] PluginManager:213 - loadIPPluginJar : add pdm2pcm
2023-12-12 22:07:32,892 [INFO] IPUIPlugin:75 - create IPUIPlugin
2023-12-12 22:07:32,907 [INFO] PluginManager:213 - loadIPPluginJar : add plateformsettings
2023-12-12 22:07:32,939 [INFO] IPUIPlugin:75 - create IPUIPlugin
2023-12-12 22:07:32,939 [INFO] PluginManager:213 - loadIPPluginJar : add quadspi
2023-12-12 22:07:32,970 [INFO] IPUIPlugin:75 - create IPUIPlugin
2023-12-12 22:07:32,970 [INFO] PluginManager:213 - loadIPPluginJar : add resmgrutility
2023-12-12 22:07:33,071 [INFO] IPUIPlugin:75 - create IPUIPlugin
2023-12-12 22:07:33,071 [INFO] PluginManager:213 - loadIPPluginJar : add sai
2023-12-12 22:07:33,156 [INFO] IPUIPlugin:75 - create IPUIPlugin
2023-12-12 22:07:33,156 [INFO] PluginManager:213 - loadIPPluginJar : add spi
2023-12-12 22:07:33,288 [INFO] IPUIPlugin:75 - create IPUIPlugin
2023-12-12 22:07:33,288 [INFO] PluginManager:213 - loadIPPluginJar : add stm32_wpan
2023-12-12 22:07:33,341 [INFO] IPUIPlugin:75 - create IPUIPlugin
2023-12-12 22:07:33,341 [INFO] PluginManager:213 - loadIPPluginJar : add tim
2023-12-12 22:07:33,525 [INFO] IPUIPlugin:75 - create IPUIPlugin
2023-12-12 22:07:33,526 [INFO] PluginManager:213 - loadIPPluginJar : add touchsensing
2023-12-12 22:07:33,604 [INFO] ThirdPartyUpdaterWithRetryManager:66 - Updater plugin not ready yet. [3/15]
2023-12-12 22:07:33,604 [INFO] IPUIPlugin:75 - create IPUIPlugin
2023-12-12 22:07:33,604 [INFO] PluginManager:213 - loadIPPluginJar : add tracer_emb
2023-12-12 22:07:33,674 [INFO] IPUIPlugin:75 - create IPUIPlugin
2023-12-12 22:07:33,674 [INFO] PluginManager:213 - loadIPPluginJar : add ts
2023-12-12 22:07:33,737 [INFO] IPUIPlugin:75 - create IPUIPlugin
2023-12-12 22:07:33,737 [INFO] PluginManager:213 - loadIPPluginJar : add tsc
2023-12-12 22:07:33,793 [INFO] IPUIPlugin:75 - create IPUIPlugin
2023-12-12 22:07:33,793 [INFO] PluginManager:213 - loadIPPluginJar : add ucpd
2023-12-12 22:07:33,922 [INFO] IPUIPlugin:75 - create IPUIPlugin
2023-12-12 22:07:33,922 [INFO] PluginManager:213 - loadIPPluginJar : add usart
2023-12-12 22:07:34,023 [INFO] IPUIPlugin:75 - create IPUIPlugin
2023-12-12 22:07:34,023 [INFO] PluginManager:213 - loadIPPluginJar : add usbx
2023-12-12 22:07:34,689 [FATAL] Updater:297 - Updater called before beeing initialized
2023-12-12 22:07:35,174 [FATAL] Updater:297 - Updater called before beeing initialized
2023-12-12 22:07:35,207 [INFO] DbMcusAds:47 - JSON generation date=Thu Sep 30 13:55:09 KRAT 2021 (1632984909247)
2023-12-12 22:07:35,207 [FATAL] Updater:297 - Updater called before beeing initialized
2023-12-12 22:07:35,424 [WARN] DetailPanel:320 - Failed to get advertising image, set to default
2023-12-12 22:07:35,703 [FATAL] Updater:297 - Updater called before beeing initialized
2023-12-12 22:07:35,723 [FATAL] Updater:297 - Updater called before beeing initialized
2023-12-12 22:07:35,723 [FATAL] Updater:297 - Updater called before beeing initialized
2023-12-12 22:07:35,723 [WARN] DetailPanel:320 - Failed to get advertising image, set to default
2023-12-12 22:07:35,730 [FATAL] Updater:297 - Updater called before beeing initialized
2023-12-12 22:07:35,873 [INFO] Updater:1026 - Updater Version found : 6.5.0
2023-12-12 22:07:35,920 [INFO] ApplicationProperties:181 - Using Application install path: C:\ST\STM32CubeIDE_1.9.0\STM32CubeIDE\plugins\com.st.stm32cube.common.mx_6.5.0.202202251913
2023-12-12 22:07:36,322 [INFO] MainUpdater:2729 - connection check result : 10
2023-12-12 22:07:36,322 [INFO] MainUpdater:3414 - Updater definition file requires update
2023-12-12 22:07:36,322 [INFO] MainUpdater:276 - Updater Check For Update Now.
2023-12-12 22:07:36,322 [INFO] MicroXplorer:477 - Change Database Version : DB.6.0.50
2023-12-12 22:07:36,407 [INFO] ServerAccessManage:359 - Download File updaters.zip
2023-12-12 22:07:36,606 [WARN] MainUpdater:1180 - Updater busy. Cannot search thirdparties
2023-12-12 22:07:36,607 [INFO] ThirdPartyUpdaterWithRetryManager:92 - Updater plugin is busy. [1/15]
2023-12-12 22:07:36,655 [INFO] FileExtend:235 - Unzip File : updaters.zip
2023-12-12 22:07:36,655 [INFO] FileExtend:250 - Standard Zip Deflate
2023-12-12 22:07:37,672 [INFO] ServerAccessManage:359 - Download File PacksControlFlags.xml
2023-12-12 22:07:37,857 [INFO] ServerAccessManage:359 - Download File cubemx.pidx
2023-12-12 22:07:39,622 [WARN] MainUpdater:1180 - Updater busy. Cannot search thirdparties
2023-12-12 22:07:39,622 [INFO] ThirdPartyUpdaterWithRetryManager:92 - Updater plugin is busy. [2/15]
2023-12-12 22:07:41,255 [INFO] ServerAccessManage:359 - Download File STMicroelectronics.FP-ATR-ASTRA1.pdsc
2023-12-12 22:07:41,588 [INFO] ServerAccessManage:359 - Download File STMicroelectronics.FP-ATR-SIGFOX1.pdsc
2023-12-12 22:07:41,774 [INFO] ServerAccessManage:359 - Download File STMicroelectronics.FP-SNS-FLIGHT1.pdsc
2023-12-12 22:07:42,238 [INFO] ServerAccessManage:359 - Download File STMicroelectronics.FP-SNS-MOTENV1.pdsc
2023-12-12 22:07:42,625 [WARN] MainUpdater:1180 - Updater busy. Cannot search thirdparties
2023-12-12 22:07:42,625 [INFO] ThirdPartyUpdaterWithRetryManager:92 - Updater plugin is busy. [3/15]
2023-12-12 22:07:43,088 [INFO] ServerAccessManage:359 - Download File STMicroelectronics.FP-SNS-MOTENVWB1.pdsc
2023-12-12 22:07:43,355 [INFO] ServerAccessManage:359 - Download File STMicroelectronics.FP-SNS-SMARTAG2.pdsc
2023-12-12 22:07:43,621 [INFO] ServerAccessManage:359 - Download File STMicroelectronics.X-CUBE-AI.pdsc
2023-12-12 22:07:45,640 [WARN] MainUpdater:1180 - Updater busy. Cannot search thirdparties
2023-12-12 22:07:45,640 [INFO] ThirdPartyUpdaterWithRetryManager:92 - Updater plugin is busy. [4/15]
2023-12-12 22:07:45,905 [INFO] ServerAccessManage:359 - Download File STMicroelectronics.X-CUBE-BLE1.pdsc
2023-12-12 22:07:48,641 [WARN] MainUpdater:1180 - Updater busy. Cannot search thirdparties
2023-12-12 22:07:48,641 [INFO] ThirdPartyUpdaterWithRetryManager:92 - Updater plugin is busy. [5/15]
2023-12-12 22:07:49,586 [ERROR] ServerAccessManage:975 - Problem, file not found on Server
2023-12-12 22:07:49,819 [INFO] ServerAccessManage:359 - Download File STMicroelectronics.X-CUBE-BLEMGR.pdsc
2023-12-12 22:07:51,652 [WARN] MainUpdater:1180 - Updater busy. Cannot search thirdparties
2023-12-12 22:07:51,652 [INFO] ThirdPartyUpdaterWithRetryManager:92 - Updater plugin is busy. [6/15]
2023-12-12 22:07:51,706 [INFO] ServerAccessManage:359 - Download File STMicroelectronics.X-CUBE-DISPLAY.pdsc
2023-12-12 22:07:52,805 [INFO] ServerAccessManage:359 - Download File STMicroelectronics.X-CUBE-EEPRMA1.pdsc
2023-12-12 22:07:54,173 [ERROR] ServerAccessManage:975 - Problem, file not found on Server
2023-12-12 22:07:54,654 [WARN] MainUpdater:1180 - Updater busy. Cannot search thirdparties
2023-12-12 22:07:54,654 [INFO] ThirdPartyUpdaterWithRetryManager:92 - Updater plugin is busy. [7/15]
2023-12-12 22:07:56,456 [INFO] ServerAccessManage:359 - Download File STMicroelectronics.X-CUBE-FREERTOS.pdsc
2023-12-12 22:07:56,953 [INFO] ServerAccessManage:359 - Download File STMicroelectronics.X-CUBE-ISPU.pdsc
2023-12-12 22:07:57,207 [INFO] MainUpdater:2729 - connection check result : 10
2023-12-12 22:07:57,626 [INFO] ServerAccessManage:359 - Download File STMicroelectronics.X-CUBE-MEMS1.pdsc
2023-12-12 22:07:57,656 [WARN] MainUpdater:1180 - Updater busy. Cannot search thirdparties
2023-12-12 22:07:57,656 [INFO] ThirdPartyUpdaterWithRetryManager:92 - Updater plugin is busy. [8/15]
2023-12-12 22:08:00,657 [WARN] MainUpdater:1180 - Updater busy. Cannot search thirdparties
2023-12-12 22:08:00,657 [INFO] ThirdPartyUpdaterWithRetryManager:92 - Updater plugin is busy. [9/15]
2023-12-12 22:08:03,669 [WARN] MainUpdater:1180 - Updater busy. Cannot search thirdparties
2023-12-12 22:08:03,669 [INFO] ThirdPartyUpdaterWithRetryManager:92 - Updater plugin is busy. [10/15]
2023-12-12 22:08:06,671 [WARN] MainUpdater:1180 - Updater busy. Cannot search thirdparties
2023-12-12 22:08:06,671 [INFO] ThirdPartyUpdaterWithRetryManager:92 - Updater plugin is busy. [11/15]
2023-12-12 22:08:09,672 [WARN] MainUpdater:1180 - Updater busy. Cannot search thirdparties
2023-12-12 22:08:09,672 [INFO] ThirdPartyUpdaterWithRetryManager:92 - Updater plugin is busy. [12/15]
2023-12-12 22:08:12,672 [WARN] MainUpdater:1180 - Updater busy. Cannot search thirdparties
2023-12-12 22:08:12,673 [INFO] ThirdPartyUpdaterWithRetryManager:92 - Updater plugin is busy. [13/15]
2023-12-12 22:08:15,685 [WARN] MainUpdater:1180 - Updater busy. Cannot search thirdparties
2023-12-12 22:08:15,685 [INFO] ThirdPartyUpdaterWithRetryManager:92 - Updater plugin is busy. [14/15]
2023-12-12 22:08:16,575 [INFO] ServerAccessManage:359 - Download File STMicroelectronics.X-CUBE-NFC4.pdsc
2023-12-12 22:08:17,822 [INFO] ServerAccessManage:359 - Download File STMicroelectronics.X-CUBE-NFC6.pdsc
2023-12-12 22:08:18,239 [INFO] ServerAccessManage:359 - Download File STMicroelectronics.X-CUBE-NFC7.pdsc
2023-12-12 22:08:18,653 [INFO] McuFinderGlobals:52 - Set McuFinderConnectedMode to true
2023-12-12 22:08:18,669 [INFO] ServerAccessManage:359 - Download File STMicroelectronics.X-CUBE-SMBUS.pdsc
2023-12-12 22:08:18,684 [INFO] MultiScanPanel:195 - Auto-refresh data requested => check proxy status ongoing
2023-12-12 22:08:18,700 [INFO] FinderPluginLoader:87 - Searching for filters in installed packs
2023-12-12 22:08:18,700 [WARN] MainUpdater:1180 - Updater busy. Cannot search thirdparties
2023-12-12 22:08:18,700 [INFO] ThirdPartyUpdaterWithRetryManager:92 - Updater plugin is busy. [15/15]
2023-12-12 22:08:18,700 [ERROR] IntegrityCheckThread:124 - Cannot retrieve database content from updater: error -1
2023-12-12 22:08:18,700 [INFO] ThirdParty:925 - Integrity check success = false
2023-12-12 22:08:18,700 [INFO] IntegrityCheckThread:94 - exiting critical section [integrity check]
2023-12-12 22:08:18,700 [INFO] IntegrityCheckThread:97 - End integrity checks thread
2023-12-12 22:08:19,019 [INFO] ApiDb:567 - Connected to CubeFinder SQLite database (C:\Users\Khanh Lin\.stmcufinder\plugins\mcufinder\mcu\cube-finder-db.db)
2023-12-12 22:08:19,103 [INFO] ApiDb:654 - CubeFinder database Data Model version=2.1
2023-12-12 22:08:19,103 [INFO] ApiDb:655 - CubeFinder database Configuration version=3.0.32
2023-12-12 22:08:19,103 [INFO] ApiDb:656 - CubeFinder database generation date=2022-08-05 (1659688109)
2023-12-12 22:08:19,103 [INFO] ApiDb:657 - CubeFinder database FW Pack versions=[STM32Cube_FW_C0_V1.0.0, STM32Cube_FW_F4_V1.27.1, STM32Cube_FW_F7_V1.17.0, STM32Cube_FW_G0_V1.6.1, STM32Cube_FW_G4_V1.5.0, STM32Cube_FW_H7_V1.10.0, STM32Cube_FW_L5_V1.4.0, STM32Cube_FW_U5_V1.1.1, STM32Cube_FW_WB_V1.14.1, STM32Cube_FW_WL_V1.2.0, X-CUBE-ALGOBUILD_V1.3.0, X-CUBE-ALS_V1.0.1, X-CUBE-AZRTOS-F4_V1.1.0, X-CUBE-AZRTOS-F7_V1.1.0, X-CUBE-AZRTOS-G0_V1.1.0, X-CUBE-AZRTOS-G4_V1.0.0, X-CUBE-AZRTOS-H7_V2.1.0, X-CUBE-AZRTOS-L4_V1.0.0, X-CUBE-AZRTOS-L5_V1.0.0, X-CUBE-AZRTOS-WL_V1.0.0, X-CUBE-BLE1_V6.2.3, X-CUBE-BLE2_V3.3.0, X-CUBE-EEPRMA1_V3.1.1, X-CUBE-GNSS1_V6.0.0, X-CUBE-MEMS1_V9.1.0, X-CUBE-MEMS1_V9.3.0, X-CUBE-NFC4_V2.0.4, X-CUBE-NFC7_V1.0.0, X-CUBE-SFXS2LP1_V4.0.0, X-CUBE-SUBG2_V5.0.0]
2023-12-12 22:08:19,902 [ERROR] ServerAccessManage:975 - Problem, file not found on Server
2023-12-12 22:08:20,072 [INFO] ServerAccessManage:359 - Download File STMicroelectronics.X-CUBE-TOF1.pdsc
2023-12-12 22:08:22,621 [ERROR] ServerAccessManage:975 - Problem, file not found on Server
2023-12-12 22:08:22,791 [INFO] ServerAccessManage:359 - Download File STMicroelectronics.X-CUBE-TOUCHGFX.pdsc
2023-12-12 22:08:24,335 [INFO] ServerAccessManage:359 - Download File STMicroelectronics.X-CUBE-AZRTOS-H7.pdsc
2023-12-12 22:08:25,317 [INFO] ApiDb:212 - Found 97 in-development CPN: [NUCLEO-C031C6, STM32C0116-DK, STM32C011D6Y3TR, STM32C011D6Y6TR, STM32C011F4P3, STM32C011F4P6, STM32C011F4U3, STM32C011F4U6TR, STM32C011F6P3, STM32C011F6P6, STM32C011F6U3, STM32C011F6U6TR, STM32C011J4M3, STM32C011J4M6, STM32C011J6M3, STM32C011J6M6, STM32C0316-DK, STM32C031C4T3, STM32C031C4T6, STM32C031C4U3, STM32C031C4U6, STM32C031C6T3, STM32C031C6T6, STM32C031C6U3, STM32C031C6U6, STM32C031F4P3, STM32C031F4P6, STM32C031F6P3, STM32C031F6P6, STM32C031G4U3, STM32C031G4U6, STM32C031G6U3, STM32C031G6U6, STM32C031K4T3, STM32C031K4T6, STM32C031K4U3, STM32C031K4U6, STM32C031K6T3, STM32C031K6T6, STM32C031K6U3, STM32C031K6U6, STM32G071K8TXN, STM32G071K8UXN, STM32G081GBU6N, STM32G081KBT6N, STM32G081KBUXN, STM32G0B1CCT6N, STM32G0B1KCT6, STM32G0B1NEY6, STM32G0B1NEY6TR, STM32G0B1RCT6N, STM32G0C1CCT6, STM32G0C1CCT6N, STM32G0C1CCU6N, STM32G0C1CET6N, STM32G0C1CEU6N, STM32G0C1KCT6, STM32G0C1NEY6TR, STM32G0C1RCI6N, STM32G0C1RCT6N, STM32G0C1REI6N, STM32G0C1RET6N, STM32G0C1VCI6, STM32G0C1VEI6, STM32G471CCT6, STM32G471CCU6, STM32G471CET3, STM32G471CET6, STM32G471CEU3, STM32G471CEU6, STM32G471MCT6, STM32G471MET3, STM32G471MET6, STM32G471MEY6TR, STM32G471QCT6, STM32G471QET3, STM32G471RCT6, STM32G471RET3, STM32G471RET6, STM32G471VCH6, STM32G471VCI6, STM32G471VCT6, STM32G471VEH3, STM32G471VEH6, STM32G471VEI3, STM32G471VEI6, STM32G471VET3, STM32G471VET6, STM32G474CCT6, STM32L4R5QGI6STR, STM32U595ZJT6Q, STM32U599BJY6QTR, STM32U599NIH6Q, STM32U599NJH6Q, STM32U5A5ZJT6Q, STM32U5A9BJY6QTR, STM32U5A9NJH6Q]
2023-12-12 22:08:25,326 [INFO] DbMcus:201 - Found 3505 MCUs, 3505 are supported
2023-12-12 22:08:25,334 [INFO] ApiDb:407 - Load user favorites file C:\Users\Khanh Lin/.stm32cubeide/favorites.mcus.txt: 0 item(s)
2023-12-12 22:08:25,335 [INFO] ApiDb:411 - User favorites MCUs=[]
2023-12-12 22:08:25,335 [INFO] DbMcus:207 - Set 0 / 0 favorites MCUs
2023-12-12 22:08:25,469 [INFO] ServerAccessManage:359 - Download File STMicroelectronics.X-CUBE-AZRTOS-L4.pdsc
2023-12-12 22:08:26,004 [INFO] ServerAccessManage:359 - Download File STMicroelectronics.X-CUBE-AZRTOS-L5.pdsc
2023-12-12 22:08:26,618 [INFO] ServerAccessManage:359 - Download File STMicroelectronics.X-CUBE-AZRTOS-G4.pdsc
2023-12-12 22:08:27,148 [INFO] ServerAccessManage:359 - Download File STMicroelectronics.X-CUBE-AZRTOS-WB.pdsc
2023-12-12 22:08:28,956 [INFO] ServerAccessManage:359 - Download File STMicroelectronics.X-CUBE-AZRTOS-WL.pdsc
2023-12-12 22:08:29,584 [ERROR] WebUtils:379 - Updater is busy
2023-12-12 22:08:29,584 [WARN] DetailPanel:320 - Failed to get advertising image, set to default
2023-12-12 22:08:30,836 [ERROR] ServerAccessManage:1058 - Problem during Server Connexion :  IO error PKIX path building failed: sun.security.provider.certpath.SunCertPathBuilderException: unable to find valid certification path to requested target
2023-12-12 22:08:30,838 [ERROR] ServerAccessManage:1062 - Exception trace: 
javax.net.ssl.SSLHandshakeException: PKIX path building failed: sun.security.provider.certpath.SunCertPathBuilderException: unable to find valid certification path to requested target
	at java.base/sun.security.ssl.Alert.createSSLException(Alert.java:131)
	at java.base/sun.security.ssl.TransportContext.fatal(TransportContext.java:349)
	at java.base/sun.security.ssl.TransportContext.fatal(TransportContext.java:292)
	at java.base/sun.security.ssl.TransportContext.fatal(TransportContext.java:287)
	at java.base/sun.security.ssl.CertificateMessage$T12CertificateConsumer.checkServerCerts(CertificateMessage.java:654)
	at java.base/sun.security.ssl.CertificateMessage$T12CertificateConsumer.onCertificate(CertificateMessage.java:473)
	at java.base/sun.security.ssl.CertificateMessage$T12CertificateConsumer.consume(CertificateMessage.java:369)
	at java.base/sun.security.ssl.SSLHandshake.consume(SSLHandshake.java:392)
	at java.base/sun.security.ssl.HandshakeContext.dispatch(HandshakeContext.java:443)
	at java.base/sun.security.ssl.HandshakeContext.dispatch(HandshakeContext.java:421)
	at java.base/sun.security.ssl.TransportContext.dispatch(TransportContext.java:182)
	at java.base/sun.security.ssl.SSLTransport.decode(SSLTransport.java:171)
	at java.base/sun.security.ssl.SSLSocketImpl.decode(SSLSocketImpl.java:1418)
	at java.base/sun.security.ssl.SSLSocketImpl.readHandshakeRecord(SSLSocketImpl.java:1324)
	at java.base/sun.security.ssl.SSLSocketImpl.startHandshake(SSLSocketImpl.java:440)
	at java.base/sun.security.ssl.SSLSocketImpl.startHandshake(SSLSocketImpl.java:411)
	at java.base/sun.net.www.protocol.https.HttpsClient.afterConnect(HttpsClient.java:567)
	at java.base/sun.net.www.protocol.https.AbstractDelegateHttpsURLConnection.connect(AbstractDelegateHttpsURLConnection.java:197)
	at java.base/sun.net.www.protocol.http.HttpURLConnection.getInputStream0(HttpURLConnection.java:1592)
	at java.base/sun.net.www.protocol.http.HttpURLConnection.getInputStream(HttpURLConnection.java:1520)
	at java.base/java.net.HttpURLConnection.getResponseCode(HttpURLConnection.java:527)
	at java.base/sun.net.www.protocol.https.HttpsURLConnectionImpl.getResponseCode(HttpsURLConnectionImpl.java:334)
	at com.st.microxplorer.plugins.updater.engine.ServerAccessManage.openHttpConnexion(ServerAccessManage.java:919)
	at com.st.microxplorer.plugins.updater.engine.ServerAccessManage.readHttpFile(ServerAccessManage.java:301)
	at com.st.microxplorer.plugins.updater.engine.LoadServerUpdatesThread.processPdscEntry(LoadServerUpdatesThread.java:1222)
	at com.st.microxplorer.plugins.updater.engine.LoadServerUpdatesThread.processPackIndexEntries(LoadServerUpdatesThread.java:1149)
	at com.st.microxplorer.plugins.updater.engine.LoadServerUpdatesThread.processThirdPartyUpdaterIndexUrls(LoadServerUpdatesThread.java:1097)
	at com.st.microxplorer.plugins.updater.engine.LoadServerUpdatesThread.processThirdParties(LoadServerUpdatesThread.java:862)
	at com.st.microxplorer.plugins.updater.engine.LoadServerUpdatesThread.performFullUpdate(LoadServerUpdatesThread.java:448)
	at com.st.microxplorer.plugins.updater.engine.LoadServerUpdatesThread.run(LoadServerUpdatesThread.java:307)
Caused by: sun.security.validator.ValidatorException: PKIX path building failed: sun.security.provider.certpath.SunCertPathBuilderException: unable to find valid certification path to requested target
	at java.base/sun.security.validator.PKIXValidator.doBuild(PKIXValidator.java:439)
	at java.base/sun.security.validator.PKIXValidator.engineValidate(PKIXValidator.java:306)
	at java.base/sun.security.validator.Validator.validate(Validator.java:264)
	at java.base/sun.security.ssl.X509TrustManagerImpl.validate(X509TrustManagerImpl.java:313)
	at java.base/sun.security.ssl.X509TrustManagerImpl.checkTrusted(X509TrustManagerImpl.java:222)
	at java.base/sun.security.ssl.X509TrustManagerImpl.checkServerTrusted(X509TrustManagerImpl.java:129)
	at java.base/sun.security.ssl.CertificateMessage$T12CertificateConsumer.checkServerCerts(CertificateMessage.java:638)
	... 25 more
Caused by: sun.security.provider.certpath.SunCertPathBuilderException: unable to find valid certification path to requested target
	at java.base/sun.security.provider.certpath.SunCertPathBuilder.build(SunCertPathBuilder.java:141)
	at java.base/sun.security.provider.certpath.SunCertPathBuilder.engineBuild(SunCertPathBuilder.java:126)
	at java.base/java.security.cert.CertPathBuilder.build(CertPathBuilder.java:297)
	at java.base/sun.security.validator.PKIXValidator.doBuild(PKIXValidator.java:434)
	... 31 more
2023-12-12 22:08:30,877 [ERROR] ServerAccessManage:537 - Problem during Server Connexion :  : SEGGER.I-CUBE-embOS.pdsc.
2023-12-12 22:08:32,448 [INFO] ServerAccessManage:359 - Download File WES.I-CUBE-Cesium.pdsc
2023-12-12 22:08:32,589 [INFO] MultiScanPanel:787 - Auto Refresh Data is needed due to updater interval setting
2023-12-12 22:08:32,589 [ERROR] WebUtils:638 - Updater is busy
2023-12-12 22:08:33,820 [ERROR] ServerAccessManage:975 - Problem, file not found on Server
2023-12-12 22:08:34,221 [ERROR] ServerAccessManage:975 - Problem, file not found on Server
2023-12-12 22:08:35,601 [INFO] ServerAccessManage:359 - Download File ITTIA_DB.I-CUBE-ITTIADB.pdsc
2023-12-12 22:08:41,819 [INFO] ServerAccessManage:359 - Download File Infineon.AIROC-Wi-Fi-Bluetooth-STM32.pdsc
2023-12-12 22:08:43,470 [WARN] PackLoader:238 - Cannot read IP mode file for STMicroelectronics.FP-ATR-ASTRA1.2.0.0
2023-12-12 22:08:43,502 [WARN] PackLoader:238 - Cannot read IP mode file for STMicroelectronics.FP-ATR-SIGFOX1.3.2.0
2023-12-12 22:08:43,530 [WARN] PackLoader:238 - Cannot read IP mode file for STMicroelectronics.FP-SNS-FLIGHT1.5.0.2
2023-12-12 22:08:43,549 [WARN] PackLoader:238 - Cannot read IP mode file for STMicroelectronics.FP-SNS-MOTENV1.4.3.2
2023-12-12 22:08:43,641 [WARN] PackLoader:238 - Cannot read IP mode file for STMicroelectronics.FP-SNS-MOTENVWB1.1.3.1
2023-12-12 22:08:43,659 [WARN] PackLoader:238 - Cannot read IP mode file for STMicroelectronics.FP-SNS-SMARTAG2.1.2.0
2023-12-12 22:08:43,659 [WARN] PackLoader:238 - Cannot read IP mode file for STMicroelectronics.X-CUBE-AI.8.1.0
2023-12-12 22:08:43,675 [WARN] PackLoader:238 - Cannot read IP mode file for STMicroelectronics.X-CUBE-BLE1.7.0.0
2023-12-12 22:08:43,722 [WARN] PackLoader:238 - Cannot read IP mode file for STMicroelectronics.X-CUBE-BLEMGR.3.0.0
2023-12-12 22:08:43,788 [WARN] PackLoader:238 - Cannot read IP mode file for STMicroelectronics.X-CUBE-DISPLAY.3.0.0
2023-12-12 22:08:43,819 [WARN] PackLoader:238 - Cannot read IP mode file for STMicroelectronics.X-CUBE-EEPRMA1.4.2.0
2023-12-12 22:08:43,850 [WARN] PackLoader:238 - Cannot read IP mode file for STMicroelectronics.X-CUBE-FREERTOS.1.1.0
2023-12-12 22:08:43,850 [WARN] PackLoader:238 - Cannot read IP mode file for STMicroelectronics.X-CUBE-ISPU.2.0.0
2023-12-12 22:08:44,002 [INFO] CheckServerUpdateThread:115 - End of CheckServer Thread
2023-12-12 22:08:44,072 [WARN] PackLoader:238 - Cannot read IP mode file for STMicroelectronics.X-CUBE-MEMS1.10.0.0
2023-12-12 22:08:44,760 [WARN] PackLoader:238 - Cannot read IP mode file for STMicroelectronics.X-CUBE-NFC4.3.0.0
2023-12-12 22:08:44,791 [WARN] PackLoader:238 - Cannot read IP mode file for STMicroelectronics.X-CUBE-NFC6.3.0.0
2023-12-12 22:08:44,807 [WARN] PackLoader:238 - Cannot read IP mode file for STMicroelectronics.X-CUBE-NFC7.1.0.1
2023-12-12 22:08:44,823 [WARN] PackLoader:238 - Cannot read IP mode file for STMicroelectronics.X-CUBE-SMBUS.2.1.0
2023-12-12 22:08:44,838 [WARN] PackLoader:238 - Cannot read IP mode file for STMicroelectronics.X-CUBE-TOF1.3.4.0
2023-12-12 22:08:44,948 [WARN] PackLoader:238 - Cannot read IP mode file for STMicroelectronics.X-CUBE-TOUCHGFX.4.23.0
2023-12-12 22:08:45,057 [INFO] DbMcusAds:47 - JSON generation date=Thu Sep 30 13:55:09 KRAT 2021 (1632984909247)
2023-12-12 22:08:45,057 [INFO] ApiDb:432 - Save user favorites file C:\Users\Khanh Lin/.stm32cubeide/favorites.mcus.txt: 0 item(s)
2023-12-12 22:08:45,057 [INFO] ApiDb:436 - User favorites MCUs=[]
2023-12-12 22:08:45,073 [INFO] ApiDb:567 - Connected to CubeFinder SQLite database (C:\Users\Khanh Lin\.stmcufinder\plugins\mcufinder\mcu\cube-finder-db.db)
2023-12-12 22:08:45,244 [WARN] PackLoader:238 - Cannot read IP mode file for STMicroelectronics.X-CUBE-AZRTOS-H7.3.2.0
2023-12-12 22:08:45,260 [INFO] ApiDb:654 - CubeFinder database Data Model version=2.1
2023-12-12 22:08:45,276 [INFO] ApiDb:655 - CubeFinder database Configuration version=3.0.32
2023-12-12 22:08:45,276 [INFO] ApiDb:656 - CubeFinder database generation date=2022-08-05 (1659688109)
2023-12-12 22:08:45,276 [INFO] ApiDb:657 - CubeFinder database FW Pack versions=[STM32Cube_FW_C0_V1.0.0, STM32Cube_FW_F4_V1.27.1, STM32Cube_FW_F7_V1.17.0, STM32Cube_FW_G0_V1.6.1, STM32Cube_FW_G4_V1.5.0, STM32Cube_FW_H7_V1.10.0, STM32Cube_FW_L5_V1.4.0, STM32Cube_FW_U5_V1.1.1, STM32Cube_FW_WB_V1.14.1, STM32Cube_FW_WL_V1.2.0, X-CUBE-ALGOBUILD_V1.3.0, X-CUBE-ALS_V1.0.1, X-CUBE-AZRTOS-F4_V1.1.0, X-CUBE-AZRTOS-F7_V1.1.0, X-CUBE-AZRTOS-G0_V1.1.0, X-CUBE-AZRTOS-G4_V1.0.0, X-CUBE-AZRTOS-H7_V2.1.0, X-CUBE-AZRTOS-L4_V1.0.0, X-CUBE-AZRTOS-L5_V1.0.0, X-CUBE-AZRTOS-WL_V1.0.0, X-CUBE-BLE1_V6.2.3, X-CUBE-BLE2_V3.3.0, X-CUBE-EEPRMA1_V3.1.1, X-CUBE-GNSS1_V6.0.0, X-CUBE-MEMS1_V9.1.0, X-CUBE-MEMS1_V9.3.0, X-CUBE-NFC4_V2.0.4, X-CUBE-NFC7_V1.0.0, X-CUBE-SFXS2LP1_V4.0.0, X-CUBE-SUBG2_V5.0.0]
2023-12-12 22:08:45,401 [WARN] ConditionMgr:437 - getConditionDescription Invalid condition id : LAN8742 Phy interface Condition cause : null
2023-12-12 22:08:45,401 [WARN] PackLoader:238 - Cannot read IP mode file for STMicroelectronics.X-CUBE-AZRTOS-L4.2.0.0
2023-12-12 22:08:45,401 [WARN] ConditionMgr:1038 - genDependencies : Invalid condition id : LAN8742 Phy interface Condition cause : null
2023-12-12 22:08:45,401 [WARN] ConditionMgr:1038 - genDependencies : Invalid condition id : LAN8742 Phy interface Condition cause : null
2023-12-12 22:08:45,401 [WARN] ConditionMgr:1038 - genDependencies : Invalid condition id : LAN8742 Phy interface Condition cause : null
2023-12-12 22:08:45,494 [WARN] PackLoader:238 - Cannot read IP mode file for STMicroelectronics.X-CUBE-AZRTOS-L5.2.0.0
2023-12-12 22:08:45,541 [WARN] PackLoader:238 - Cannot read IP mode file for STMicroelectronics.X-CUBE-AZRTOS-G4.2.0.0
2023-12-12 22:08:45,604 [WARN] ConditionMgr:437 - getConditionDescription Invalid condition id : UX DEVICE CLASS RTOS Condition cause : null
2023-12-12 22:08:45,604 [WARN] ConditionMgr:437 - getConditionDescription Invalid condition id : UX DEVICE CLASS RTOS Condition cause : null
2023-12-12 22:08:45,604 [WARN] PackLoader:238 - Cannot read IP mode file for STMicroelectronics.X-CUBE-AZRTOS-WB.2.0.0
2023-12-12 22:08:45,604 [WARN] ConditionMgr:1038 - genDependencies : Invalid condition id : UX DEVICE CLASS RTOS Condition cause : null
2023-12-12 22:08:45,604 [WARN] ConditionMgr:1038 - genDependencies : Invalid condition id : UX DEVICE CLASS RTOS Condition cause : null
2023-12-12 22:08:45,604 [WARN] ConditionMgr:1038 - genDependencies : Invalid condition id : UX DEVICE CLASS RTOS Condition cause : null
2023-12-12 22:08:45,604 [WARN] ConditionMgr:1038 - genDependencies : Invalid condition id : UX DEVICE CLASS RTOS Condition cause : null
2023-12-12 22:08:45,604 [WARN] ConditionMgr:1038 - genDependencies : Invalid condition id : UX DEVICE CLASS RTOS Condition cause : null
2023-12-12 22:08:45,635 [INFO] LogOutputStream:76 - [STDOUT_REDIRECT] 1 : Invalid condition id : UX_CORESTACK_Condition cause : null
2023-12-12 22:08:45,635 [INFO] LogOutputStream:76 - [STDOUT_REDIRECT] 1 : Invalid condition id : UX_CORESTACK_Condition cause : null
2023-12-12 22:08:45,635 [INFO] LogOutputStream:76 - [STDOUT_REDIRECT] 1 : Invalid condition id : UX_CORESTACK_Condition cause : null
2023-12-12 22:08:45,651 [INFO] LogOutputStream:76 - [STDOUT_REDIRECT] 1 : Invalid condition id : UX_CORESTACK_Condition cause : null
2023-12-12 22:08:45,651 [INFO] LogOutputStream:76 - [STDOUT_REDIRECT] 1 : Invalid condition id : UX_CORESTACK_Condition cause : null
2023-12-12 22:08:45,651 [WARN] PackLoader:238 - Cannot read IP mode file for STMicroelectronics.X-CUBE-AZRTOS-WL.2.0.0
2023-12-12 22:08:45,666 [WARN] PackLoader:238 - Cannot read IP mode file for WES.I-CUBE-Cesium.1.3.0
2023-12-12 22:08:45,682 [WARN] PackLoader:238 - Cannot read IP mode file for ITTIA_DB.I-CUBE-ITTIADB.8.8.0
2023-12-12 22:08:45,749 [WARN] PackLoader:238 - Cannot read IP mode file for Infineon.AIROC-Wi-Fi-Bluetooth-STM32.1.5.1
2023-12-12 22:08:45,749 [INFO] PopulateThirdPartyThread:60 - Ending populate Thread
2023-12-12 22:08:45,765 [INFO] ThirdParty:977 - CMSIS Pack Vendor :STMicroelectronics X-CUBE-DISPLAY 3.0.0
2023-12-12 22:08:45,765 [INFO] ThirdParty:977 - CMSIS Pack Vendor :STMicroelectronics FP-SNS-MOTENVWB1 1.3.1
2023-12-12 22:08:45,765 [INFO] ThirdParty:977 - CMSIS Pack Vendor :STMicroelectronics FP-ATR-SIGFOX1 3.2.0
2023-12-12 22:08:45,765 [INFO] ThirdParty:977 - CMSIS Pack Vendor :STMicroelectronics X-CUBE-BLE1 7.0.0
2023-12-12 22:08:45,765 [INFO] ThirdParty:977 - CMSIS Pack Vendor :STMicroelectronics X-CUBE-SMBUS 2.1.0
2023-12-12 22:08:45,765 [INFO] ThirdParty:977 - CMSIS Pack Vendor :STMicroelectronics X-CUBE-ISPU 2.0.0
2023-12-12 22:08:45,765 [INFO] ThirdParty:977 - CMSIS Pack Vendor :STMicroelectronics X-CUBE-AZRTOS-WB 2.0.0
2023-12-12 22:08:45,765 [INFO] ThirdParty:977 - CMSIS Pack Vendor :STMicroelectronics X-CUBE-MEMS1 10.0.0
2023-12-12 22:08:45,765 [INFO] ThirdParty:977 - CMSIS Pack Vendor :STMicroelectronics X-CUBE-FREERTOS 1.1.0
2023-12-12 22:08:45,765 [INFO] ThirdParty:977 - CMSIS Pack Vendor :STMicroelectronics X-CUBE-NFC7 1.0.1
2023-12-12 22:08:45,765 [INFO] ThirdParty:977 - CMSIS Pack Vendor :STMicroelectronics X-CUBE-TOUCHGFX 4.23.0
2023-12-12 22:08:45,765 [INFO] ThirdParty:977 - CMSIS Pack Vendor :STMicroelectronics X-CUBE-AZRTOS-L5 2.0.0
2023-12-12 22:08:45,765 [INFO] ThirdParty:977 - CMSIS Pack Vendor :STMicroelectronics X-CUBE-NFC6 3.0.0
2023-12-12 22:08:45,765 [INFO] ThirdParty:977 - CMSIS Pack Vendor :STMicroelectronics X-CUBE-EEPRMA1 4.2.0
2023-12-12 22:08:45,765 [INFO] ThirdParty:977 - CMSIS Pack Vendor :ITTIA_DB I-CUBE-ITTIADB 8.8.0
2023-12-12 22:08:45,765 [INFO] ThirdParty:977 - CMSIS Pack Vendor :STMicroelectronics FP-SNS-SMARTAG2 1.2.0
2023-12-12 22:08:45,765 [INFO] ThirdParty:977 - CMSIS Pack Vendor :STMicroelectronics FP-SNS-MOTENV1 4.3.2
2023-12-12 22:08:45,765 [INFO] ThirdParty:977 - CMSIS Pack Vendor :STMicroelectronics X-CUBE-AZRTOS-WL 2.0.0
2023-12-12 22:08:45,765 [INFO] ThirdParty:977 - CMSIS Pack Vendor :STMicroelectronics X-CUBE-AI 8.1.0
2023-12-12 22:08:45,781 [INFO] ThirdParty:977 - CMSIS Pack Vendor :STMicroelectronics X-CUBE-NFC4 3.0.0
2023-12-12 22:08:45,781 [INFO] ThirdParty:977 - CMSIS Pack Vendor :STMicroelectronics X-CUBE-AZRTOS-L4 2.0.0
2023-12-12 22:08:45,781 [INFO] ThirdParty:977 - CMSIS Pack Vendor :STMicroelectronics FP-ATR-ASTRA1 2.0.0
2023-12-12 22:08:45,781 [INFO] ThirdParty:977 - CMSIS Pack Vendor :WES I-CUBE-Cesium 1.3.0
2023-12-12 22:08:45,781 [INFO] ThirdParty:977 - CMSIS Pack Vendor :STMicroelectronics FP-SNS-FLIGHT1 5.0.2
2023-12-12 22:08:45,781 [INFO] ThirdParty:977 - CMSIS Pack Vendor :STMicroelectronics X-CUBE-TOF1 3.4.0
2023-12-12 22:08:45,781 [INFO] ThirdParty:977 - CMSIS Pack Vendor :STMicroelectronics X-CUBE-AZRTOS-G4 2.0.0
2023-12-12 22:08:45,781 [INFO] ThirdParty:977 - CMSIS Pack Vendor :STMicroelectronics X-CUBE-AZRTOS-H7 3.2.0
2023-12-12 22:08:45,781 [INFO] ThirdParty:977 - CMSIS Pack Vendor :Infineon AIROC-Wi-Fi-Bluetooth-STM32 1.5.1
2023-12-12 22:08:45,781 [INFO] ThirdParty:977 - CMSIS Pack Vendor :STMicroelectronics X-CUBE-BLEMGR 3.0.0
2023-12-12 22:08:45,781 [INFO] LoadServerUpdatesThread:362 - End of LoadServerUpdate Thread
2023-12-12 22:08:50,015 [INFO] ApiDb:212 - Found 97 in-development CPN: [NUCLEO-C031C6, STM32C0116-DK, STM32C011D6Y3TR, STM32C011D6Y6TR, STM32C011F4P3, STM32C011F4P6, STM32C011F4U3, STM32C011F4U6TR, STM32C011F6P3, STM32C011F6P6, STM32C011F6U3, STM32C011F6U6TR, STM32C011J4M3, STM32C011J4M6, STM32C011J6M3, STM32C011J6M6, STM32C0316-DK, STM32C031C4T3, STM32C031C4T6, STM32C031C4U3, STM32C031C4U6, STM32C031C6T3, STM32C031C6T6, STM32C031C6U3, STM32C031C6U6, STM32C031F4P3, STM32C031F4P6, STM32C031F6P3, STM32C031F6P6, STM32C031G4U3, STM32C031G4U6, STM32C031G6U3, STM32C031G6U6, STM32C031K4T3, STM32C031K4T6, STM32C031K4U3, STM32C031K4U6, STM32C031K6T3, STM32C031K6T6, STM32C031K6U3, STM32C031K6U6, STM32G071K8TXN, STM32G071K8UXN, STM32G081GBU6N, STM32G081KBT6N, STM32G081KBUXN, STM32G0B1CCT6N, STM32G0B1KCT6, STM32G0B1NEY6, STM32G0B1NEY6TR, STM32G0B1RCT6N, STM32G0C1CCT6, STM32G0C1CCT6N, STM32G0C1CCU6N, STM32G0C1CET6N, STM32G0C1CEU6N, STM32G0C1KCT6, STM32G0C1NEY6TR, STM32G0C1RCI6N, STM32G0C1RCT6N, STM32G0C1REI6N, STM32G0C1RET6N, STM32G0C1VCI6, STM32G0C1VEI6, STM32G471CCT6, STM32G471CCU6, STM32G471CET3, STM32G471CET6, STM32G471CEU3, STM32G471CEU6, STM32G471MCT6, STM32G471MET3, STM32G471MET6, STM32G471MEY6TR, STM32G471QCT6, STM32G471QET3, STM32G471RCT6, STM32G471RET3, STM32G471RET6, STM32G471VCH6, STM32G471VCI6, STM32G471VCT6, STM32G471VEH3, STM32G471VEH6, STM32G471VEI3, STM32G471VEI6, STM32G471VET3, STM32G471VET6, STM32G474CCT6, STM32L4R5QGI6STR, STM32U595ZJT6Q, STM32U599BJY6QTR, STM32U599NIH6Q, STM32U599NJH6Q, STM32U5A5ZJT6Q, STM32U5A9BJY6QTR, STM32U5A9NJH6Q]
2023-12-12 22:08:50,031 [INFO] DbMcus:201 - Found 3505 MCUs, 3505 are supported
2023-12-12 22:08:50,031 [INFO] ApiDb:407 - Load user favorites file C:\Users\Khanh Lin/.stm32cubeide/favorites.mcus.txt: 0 item(s)
2023-12-12 22:08:50,031 [INFO] ApiDb:411 - User favorites MCUs=[]
2023-12-12 22:08:50,031 [INFO] DbMcus:207 - Set 0 / 0 favorites MCUs
2023-12-12 22:08:52,387 [ERROR] MultiScanPanel:802 - Unable to refresh data
2023-12-12 22:08:52,398 [INFO] ApiDb:654 - CubeFinder database Data Model version=2.1
2023-12-12 22:08:52,399 [INFO] ApiDb:655 - CubeFinder database Configuration version=3.0.32
2023-12-12 22:08:52,399 [INFO] ApiDb:656 - CubeFinder database generation date=2022-08-05 (1659688109)
2023-12-12 22:08:52,399 [INFO] ApiDb:657 - CubeFinder database FW Pack versions=[STM32Cube_FW_C0_V1.0.0, STM32Cube_FW_F4_V1.27.1, STM32Cube_FW_F7_V1.17.0, STM32Cube_FW_G0_V1.6.1, STM32Cube_FW_G4_V1.5.0, STM32Cube_FW_H7_V1.10.0, STM32Cube_FW_L5_V1.4.0, STM32Cube_FW_U5_V1.1.1, STM32Cube_FW_WB_V1.14.1, STM32Cube_FW_WL_V1.2.0, X-CUBE-ALGOBUILD_V1.3.0, X-CUBE-ALS_V1.0.1, X-CUBE-AZRTOS-F4_V1.1.0, X-CUBE-AZRTOS-F7_V1.1.0, X-CUBE-AZRTOS-G0_V1.1.0, X-CUBE-AZRTOS-G4_V1.0.0, X-CUBE-AZRTOS-H7_V2.1.0, X-CUBE-AZRTOS-L4_V1.0.0, X-CUBE-AZRTOS-L5_V1.0.0, X-CUBE-AZRTOS-WL_V1.0.0, X-CUBE-BLE1_V6.2.3, X-CUBE-BLE2_V3.3.0, X-CUBE-EEPRMA1_V3.1.1, X-CUBE-GNSS1_V6.0.0, X-CUBE-MEMS1_V9.1.0, X-CUBE-MEMS1_V9.3.0, X-CUBE-NFC4_V2.0.4, X-CUBE-NFC7_V1.0.0, X-CUBE-SFXS2LP1_V4.0.0, X-CUBE-SUBG2_V5.0.0]
2023-12-12 22:08:52,619 [INFO] DbBoardsSqlite:220 - include board P-NUCLEO-WB55-NUCLEO as a kit item of type 'Nucleo-64'
2023-12-12 22:08:52,619 [INFO] DbBoardsSqlite:220 - include board P-NUCLEO-WB55-USBDONGLE as a kit item of type 'Nucleo USB Dongle'
2023-12-12 22:08:52,619 [INFO] DbBoardsSqlite:220 - include board STEVAL-IDP005V1 as a kit item of type 'Evaluation Board'
2023-12-12 22:08:52,619 [INFO] DbBoardsSqlite:220 - include board STEVAL-IDP005V2 as a kit item of type 'Evaluation Board'
2023-12-12 22:08:52,650 [INFO] ApiDb:212 - Found 97 in-development CPN: [NUCLEO-C031C6, STM32C0116-DK, STM32C011D6Y3TR, STM32C011D6Y6TR, STM32C011F4P3, STM32C011F4P6, STM32C011F4U3, STM32C011F4U6TR, STM32C011F6P3, STM32C011F6P6, STM32C011F6U3, STM32C011F6U6TR, STM32C011J4M3, STM32C011J4M6, STM32C011J6M3, STM32C011J6M6, STM32C0316-DK, STM32C031C4T3, STM32C031C4T6, STM32C031C4U3, STM32C031C4U6, STM32C031C6T3, STM32C031C6T6, STM32C031C6U3, STM32C031C6U6, STM32C031F4P3, STM32C031F4P6, STM32C031F6P3, STM32C031F6P6, STM32C031G4U3, STM32C031G4U6, STM32C031G6U3, STM32C031G6U6, STM32C031K4T3, STM32C031K4T6, STM32C031K4U3, STM32C031K4U6, STM32C031K6T3, STM32C031K6T6, STM32C031K6U3, STM32C031K6U6, STM32G071K8TXN, STM32G071K8UXN, STM32G081GBU6N, STM32G081KBT6N, STM32G081KBUXN, STM32G0B1CCT6N, STM32G0B1KCT6, STM32G0B1NEY6, STM32G0B1NEY6TR, STM32G0B1RCT6N, STM32G0C1CCT6, STM32G0C1CCT6N, STM32G0C1CCU6N, STM32G0C1CET6N, STM32G0C1CEU6N, STM32G0C1KCT6, STM32G0C1NEY6TR, STM32G0C1RCI6N, STM32G0C1RCT6N, STM32G0C1REI6N, STM32G0C1RET6N, STM32G0C1VCI6, STM32G0C1VEI6, STM32G471CCT6, STM32G471CCU6, STM32G471CET3, STM32G471CET6, STM32G471CEU3, STM32G471CEU6, STM32G471MCT6, STM32G471MET3, STM32G471MET6, STM32G471MEY6TR, STM32G471QCT6, STM32G471QET3, STM32G471RCT6, STM32G471RET3, STM32G471RET6, STM32G471VCH6, STM32G471VCI6, STM32G471VCT6, STM32G471VEH3, STM32G471VEH6, STM32G471VEI3, STM32G471VEI6, STM32G471VET3, STM32G471VET6, STM32G474CCT6, STM32L4R5QGI6STR, STM32U595ZJT6Q, STM32U599BJY6QTR, STM32U599NIH6Q, STM32U599NJH6Q, STM32U5A5ZJT6Q, STM32U5A9BJY6QTR, STM32U5A9NJH6Q]
2023-12-12 22:08:53,100 [INFO] BoardInfo:872 - No configuration file found for board P-NUCLEO-WB55
2023-12-12 22:08:53,100 [INFO] DbBoards:144 - Kit is not supported: P-NUCLEO-WB55
2023-12-12 22:08:53,127 [INFO] BoardInfo:872 - No configuration file found for board STEVAL-ASTRA1B
2023-12-12 22:08:53,128 [INFO] DbBoards:144 - Board is not supported: STEVAL-ASTRA1B
2023-12-12 22:08:53,132 [INFO] BoardInfo:872 - No configuration file found for board STEVAL-BFA001V1B
2023-12-12 22:08:53,133 [INFO] DbBoards:144 - Kit is not supported: STEVAL-BFA001V1B
2023-12-12 22:08:53,141 [INFO] BoardInfo:872 - No configuration file found for board STEVAL-BFA001V2B
2023-12-12 22:08:53,142 [INFO] DbBoards:144 - Kit is not supported: STEVAL-BFA001V2B
2023-12-12 22:08:53,683 [INFO] DbBoards:148 - Found 173 boards, 169 are supported
2023-12-12 22:08:53,708 [INFO] ApiDb:407 - Load user favorites file C:\Users\Khanh Lin/.stm32cubeide/favorites.boards.txt: 0 item(s)
2023-12-12 22:08:53,709 [INFO] ApiDb:411 - User favorites Boards=[]
2023-12-12 22:08:53,709 [INFO] DbBoards:174 - Set 0 / 0 favorites Boards
2023-12-12 22:09:00,655 [INFO] MultiScanPanel:195 - Auto-refresh data requested => check proxy status ongoing
2023-12-12 22:09:01,133 [INFO] LoadUrlFilesThread:173 - End of LoadServerUrlFiles without Thread
2023-12-12 22:09:01,185 [INFO] DetailPanel:315 - Set advertising image to C:/Users/Khanh Lin/STM32Cube/Repository/\en.Prom_NBSTM32U50921.jpg
2023-12-12 22:09:01,217 [INFO] DbBoards:259 - Loading board mini-images...
2023-12-12 22:09:01,814 [ERROR] DbBoards:279 - No image file defined for board NUCLEO-C031C6
2023-12-12 22:09:06,614 [ERROR] DbBoards:276 - Image file not found for board P-L496G-CELL01: C:\ST\STM32CubeIDE_1.9.0\STM32CubeIDE\plugins\com.st.stm32cube.common.mx_6.5.0.202202251913\\db\/plugins/mcufinder/images/boards/P-L496G-CELL01.jpg
2023-12-12 22:09:06,815 [ERROR] DbBoards:276 - Image file not found for board STEVAL-ASTRA1B: C:\ST\STM32CubeIDE_1.9.0\STM32CubeIDE\plugins\com.st.stm32cube.common.mx_6.5.0.202202251913\\db\/plugins/mcufinder/images/boards/STEVAL-ASTRA1B_Image.jpg
2023-12-12 22:09:07,149 [ERROR] DbBoards:279 - No image file defined for board STM32091C-EVAL
2023-12-12 22:09:07,149 [ERROR] DbBoards:279 - No image file defined for board STM32100E-EVAL
2023-12-12 22:09:07,149 [ERROR] DbBoards:279 - No image file defined for board STM3210C-EVAL
2023-12-12 22:09:07,202 [ERROR] DbBoards:279 - No image file defined for board STM3221G-EVAL
2023-12-12 22:09:07,202 [ERROR] DbBoards:279 - No image file defined for board STM32303C-EVAL
2023-12-12 22:09:07,518 [ERROR] DbBoards:279 - No image file defined for board STM32479I-EVAL
2023-12-12 22:09:07,520 [ERROR] DbBoards:279 - No image file defined for board STM32746G-EVAL2
2023-12-12 22:09:07,535 [ERROR] DbBoards:279 - No image file defined for board STM32C0116-DK
2023-12-12 22:09:07,535 [ERROR] DbBoards:279 - No image file defined for board STM32C0316-DK
2023-12-12 22:09:07,667 [ERROR] DbBoards:279 - No image file defined for board STM32F401C-DISCO
2023-12-12 22:09:07,915 [ERROR] DbBoards:279 - No image file defined for board STM32F7308-DK
2023-12-12 22:09:08,101 [ERROR] DbBoards:279 - No image file defined for board STM32F779I-EVAL
2023-12-12 22:09:08,722 [ERROR] DbBoards:279 - No image file defined for board STM32H747I-EVAL
2023-12-12 22:09:08,898 [ERROR] DbBoards:279 - No image file defined for board STM32L-DISCOVERY
2023-12-12 22:09:09,042 [ERROR] DbBoards:279 - No image file defined for board STM32L152D-EVAL
2023-12-12 22:09:10,267 [INFO] DbBoards:282 - Loaded 155 board mini-images
2023-12-12 22:09:10,713 [INFO] MultiScanPanel:787 - Auto Refresh Data is needed due to updater interval setting
2023-12-12 22:09:12,363 [INFO] ServerAccessManage:359 - Download File mcusAds.json._tmp_
2023-12-12 22:09:12,539 [INFO] LoadUrlFilesThread:146 - End of LoadUrlFiles Thread
2023-12-12 22:09:15,231 [INFO] ServerAccessManage:359 - Download File cube-finder-db.zip
2023-12-12 22:09:21,483 [INFO] FileExtend:235 - Unzip File : cube-finder-db.zip
2023-12-12 22:09:21,483 [INFO] FileExtend:250 - Standard Zip Deflate
2023-12-12 22:09:23,666 [INFO] LoadUrlFilesThread:146 - End of LoadUrlFiles Thread
2023-12-12 22:09:26,996 [INFO] ServerAccessManage:359 - Download File crdb.zip
2023-12-12 22:09:28,698 [INFO] FileExtend:235 - Unzip File : crdb.zip
2023-12-12 22:09:28,698 [INFO] FileExtend:250 - Standard Zip Deflate
2023-12-12 22:09:28,993 [INFO] LoadUrlFilesThread:146 - End of LoadUrlFiles Thread
2023-12-12 22:09:29,501 [INFO] ServerAccessManage:359 - Download File tutoVideoDB.zip
2023-12-12 22:09:29,568 [INFO] FileExtend:235 - Unzip File : tutoVideoDB.zip
2023-12-12 22:09:29,568 [INFO] FileExtend:250 - Standard Zip Deflate
2023-12-12 22:09:29,777 [INFO] LoadUrlFilesThread:146 - End of LoadUrlFiles Thread
2023-12-12 22:09:29,777 [INFO] DbMcusAds:47 - JSON generation date=Wed Nov 29 17:52:27 KRAT 2023 (1701255147270)
2023-12-12 22:09:29,793 [INFO] ApiDb:432 - Save user favorites file C:\Users\Khanh Lin/.stm32cubeide/favorites.mcus.txt: 0 item(s)
2023-12-12 22:09:29,793 [INFO] ApiDb:436 - User favorites MCUs=[]
2023-12-12 22:09:30,011 [INFO] ApiDb:567 - Connected to CubeFinder SQLite database (C:\Users\Khanh Lin\.stmcufinder\plugins\mcufinder\mcu\cube-finder-db.db)
2023-12-12 22:09:30,197 [INFO] ApiDb:654 - CubeFinder database Data Model version=2.1
2023-12-12 22:09:30,197 [INFO] ApiDb:655 - CubeFinder database Configuration version=3.0.39
2023-12-12 22:09:30,197 [INFO] ApiDb:656 - CubeFinder database generation date=2023-11-06 (1699269565)
2023-12-12 22:09:30,197 [INFO] ApiDb:657 - CubeFinder database FW Pack versions=[FP-ATR-ASTRA1_V2.0.0, FP-SNS-FLIGHT1_V5.0.1, FP-SNS-FLIGHT1_V5.0.2, FP-SNS-MOTENV1_V4.3.1, FP-SNS-MOTENV1_V4.3.2, FP-SNS-MOTENVWB1_V1.3.0, FP-SNS-SMARTAG2_V1.2.0, STM32Cube_FW_C0_V1.1.0, STM32Cube_FW_F4_V1.28.0, STM32Cube_FW_F7_V1.17.0, STM32Cube_FW_G0_V1.6.1, STM32Cube_FW_G4_V1.5.1, STM32Cube_FW_H5_V0.5.1, STM32Cube_FW_H5_V1.1.1, STM32Cube_FW_H5_V1.2.0RC2, STM32Cube_FW_H7_V1.11.0, STM32Cube_FW_L0_V1.12.2, STM32Cube_FW_L5_V1.5.0, STM32Cube_FW_U5_V1.3.0RC4, STM32Cube_FW_U5_V1.4.0, STM32Cube_FW_WBA_V1.0.0RC1, STM32Cube_FW_WBA_V1.1.0RC1, STM32Cube_FW_WBA_V1.2.0, STM32Cube_FW_WBA_V1.2.0RC2, STM32Cube_FW_WB_V1.15.0RC1, STM32Cube_FW_WB_V1.16.0, STM32Cube_FW_WB_V1.16.0RC2, STM32Cube_FW_WB_V1.18.0, STM32Cube_FW_WL_V1.3.0, X-CUBE-ALGOBUILD_V1.3.0, X-CUBE-ALS_V1.0.1, X-CUBE-AZRTOS-F4_V1.1.0, X-CUBE-AZRTOS-F7_V1.1.0, X-CUBE-AZRTOS-G0_V1.1.0, X-CUBE-AZRTOS-G4_V2.0.0, X-CUBE-AZRTOS-H7_V3.1.0, X-CUBE-AZRTOS-L4_V1.0.0, X-CUBE-AZRTOS-L4_V2.0.0, X-CUBE-AZRTOS-L5_V1.1.0, X-CUBE-AZRTOS-WB_V2.0.0, X-CUBE-AZRTOS-WL_V2.0.0, X-CUBE-BLE1_V7.0.0, X-CUBE-BLE2_V3.3.0, X-CUBE-BLEMGR_V2.0.0, X-CUBE-EEPRMA1_V4.1.0, X-CUBE-EEPRMA1_V4.2.0, X-CUBE-FREERTOS_V1.1.0, X-CUBE-GNSS1_V6.0.0, X-CUBE-MEMS1_V10.0.0, X-CUBE-MEMS1_V9.1.0, X-CUBE-MEMS1_V9.4.0, X-CUBE-MEMS1_V9.6.0, X-CUBE-NFC4_V3.0.0, X-CUBE-NFC7_V1.0.1, X-CUBE-SFXS2LP1_V4.0.0, X-CUBE-SUBG2_V5.0.0, X-CUBE-TOF1_V3.3.1]
2023-12-12 22:09:34,996 [INFO] ApiDb:212 - Found 97 in-development CPN: [NUCLEO-C031C6, STM32C0116-DK, STM32C011D6Y3TR, STM32C011D6Y6TR, STM32C011F4P3, STM32C011F4P6, STM32C011F4U3, STM32C011F4U6TR, STM32C011F6P3, STM32C011F6P6, STM32C011F6U3, STM32C011F6U6TR, STM32C011J4M3, STM32C011J4M6, STM32C011J6M3, STM32C011J6M6, STM32C0316-DK, STM32C031C4T3, STM32C031C4T6, STM32C031C4U3, STM32C031C4U6, STM32C031C6T3, STM32C031C6T6, STM32C031C6U3, STM32C031C6U6, STM32C031F4P3, STM32C031F4P6, STM32C031F6P3, STM32C031F6P6, STM32C031G4U3, STM32C031G4U6, STM32C031G6U3, STM32C031G6U6, STM32C031K4T3, STM32C031K4T6, STM32C031K4U3, STM32C031K4U6, STM32C031K6T3, STM32C031K6T6, STM32C031K6U3, STM32C031K6U6, STM32G071K8TXN, STM32G071K8UXN, STM32G081GBU6N, STM32G081KBT6N, STM32G081KBUXN, STM32G0B1CCT6N, STM32G0B1KCT6, STM32G0B1NEY6, STM32G0B1NEY6TR, STM32G0B1RCT6N, STM32G0C1CCT6, STM32G0C1CCT6N, STM32G0C1CCU6N, STM32G0C1CET6N, STM32G0C1CEU6N, STM32G0C1KCT6, STM32G0C1NEY6TR, STM32G0C1RCI6N, STM32G0C1RCT6N, STM32G0C1REI6N, STM32G0C1RET6N, STM32G0C1VCI6, STM32G0C1VEI6, STM32G471CCT6, STM32G471CCU6, STM32G471CET3, STM32G471CET6, STM32G471CEU3, STM32G471CEU6, STM32G471MCT6, STM32G471MET3, STM32G471MET6, STM32G471MEY6TR, STM32G471QCT6, STM32G471QET3, STM32G471RCT6, STM32G471RET3, STM32G471RET6, STM32G471VCH6, STM32G471VCI6, STM32G471VCT6, STM32G471VEH3, STM32G471VEH6, STM32G471VEI3, STM32G471VEI6, STM32G471VET3, STM32G471VET6, STM32G474CCT6, STM32L4R5QGI6STR, STM32U595ZJT6Q, STM32U599BJY6QTR, STM32U599NIH6Q, STM32U599NJH6Q, STM32U5A5ZJT6Q, STM32U5A9BJY6QTR, STM32U5A9NJH6Q]
2023-12-12 22:09:34,996 [INFO] DbMcus:201 - Found 3852 MCUs, 3852 are supported
2023-12-12 22:09:34,996 [INFO] ApiDb:407 - Load user favorites file C:\Users\Khanh Lin/.stm32cubeide/favorites.mcus.txt: 0 item(s)
2023-12-12 22:09:34,996 [INFO] ApiDb:411 - User favorites MCUs=[]
2023-12-12 22:09:34,996 [INFO] DbMcus:207 - Set 0 / 0 favorites MCUs
2023-12-12 22:09:38,639 [INFO] ApiDb:432 - Save user favorites file C:\Users\Khanh Lin/.stm32cubeide/favorites.boards.txt: 0 item(s)
2023-12-12 22:09:38,639 [INFO] ApiDb:436 - User favorites Boards=[]
2023-12-12 22:09:38,644 [INFO] ApiDb:567 - Connected to CubeFinder SQLite database (C:\Users\Khanh Lin\.stmcufinder\plugins\mcufinder\mcu\cube-finder-db.db)
2023-12-12 22:09:38,901 [INFO] ApiDb:654 - CubeFinder database Data Model version=2.1
2023-12-12 22:09:38,901 [INFO] ApiDb:655 - CubeFinder database Configuration version=3.0.39
2023-12-12 22:09:38,901 [INFO] ApiDb:656 - CubeFinder database generation date=2023-11-06 (1699269565)
2023-12-12 22:09:38,901 [INFO] ApiDb:657 - CubeFinder database FW Pack versions=[FP-ATR-ASTRA1_V2.0.0, FP-SNS-FLIGHT1_V5.0.1, FP-SNS-FLIGHT1_V5.0.2, FP-SNS-MOTENV1_V4.3.1, FP-SNS-MOTENV1_V4.3.2, FP-SNS-MOTENVWB1_V1.3.0, FP-SNS-SMARTAG2_V1.2.0, STM32Cube_FW_C0_V1.1.0, STM32Cube_FW_F4_V1.28.0, STM32Cube_FW_F7_V1.17.0, STM32Cube_FW_G0_V1.6.1, STM32Cube_FW_G4_V1.5.1, STM32Cube_FW_H5_V0.5.1, STM32Cube_FW_H5_V1.1.1, STM32Cube_FW_H5_V1.2.0RC2, STM32Cube_FW_H7_V1.11.0, STM32Cube_FW_L0_V1.12.2, STM32Cube_FW_L5_V1.5.0, STM32Cube_FW_U5_V1.3.0RC4, STM32Cube_FW_U5_V1.4.0, STM32Cube_FW_WBA_V1.0.0RC1, STM32Cube_FW_WBA_V1.1.0RC1, STM32Cube_FW_WBA_V1.2.0, STM32Cube_FW_WBA_V1.2.0RC2, STM32Cube_FW_WB_V1.15.0RC1, STM32Cube_FW_WB_V1.16.0, STM32Cube_FW_WB_V1.16.0RC2, STM32Cube_FW_WB_V1.18.0, STM32Cube_FW_WL_V1.3.0, X-CUBE-ALGOBUILD_V1.3.0, X-CUBE-ALS_V1.0.1, X-CUBE-AZRTOS-F4_V1.1.0, X-CUBE-AZRTOS-F7_V1.1.0, X-CUBE-AZRTOS-G0_V1.1.0, X-CUBE-AZRTOS-G4_V2.0.0, X-CUBE-AZRTOS-H7_V3.1.0, X-CUBE-AZRTOS-L4_V1.0.0, X-CUBE-AZRTOS-L4_V2.0.0, X-CUBE-AZRTOS-L5_V1.1.0, X-CUBE-AZRTOS-WB_V2.0.0, X-CUBE-AZRTOS-WL_V2.0.0, X-CUBE-BLE1_V7.0.0, X-CUBE-BLE2_V3.3.0, X-CUBE-BLEMGR_V2.0.0, X-CUBE-EEPRMA1_V4.1.0, X-CUBE-EEPRMA1_V4.2.0, X-CUBE-FREERTOS_V1.1.0, X-CUBE-GNSS1_V6.0.0, X-CUBE-MEMS1_V10.0.0, X-CUBE-MEMS1_V9.1.0, X-CUBE-MEMS1_V9.4.0, X-CUBE-MEMS1_V9.6.0, X-CUBE-NFC4_V3.0.0, X-CUBE-NFC7_V1.0.1, X-CUBE-SFXS2LP1_V4.0.0, X-CUBE-SUBG2_V5.0.0, X-CUBE-TOF1_V3.3.1]
2023-12-12 22:09:39,118 [INFO] DbBoardsSqlite:220 - include board P-NUCLEO-WB55-NUCLEO as a kit item of type 'Nucleo-64'
2023-12-12 22:09:39,118 [INFO] DbBoardsSqlite:220 - include board P-NUCLEO-WB55-USBDONGLE as a kit item of type 'Nucleo USB Dongle'
2023-12-12 22:09:39,118 [INFO] DbBoardsSqlite:220 - include board STEVAL-IDP005V1 as a kit item of type 'Evaluation Board'
2023-12-12 22:09:39,118 [INFO] DbBoardsSqlite:220 - include board STEVAL-IDP005V2 as a kit item of type 'Evaluation Board'
2023-12-12 22:09:39,312 [INFO] ApiDb:212 - Found 97 in-development CPN: [NUCLEO-C031C6, STM32C0116-DK, STM32C011D6Y3TR, STM32C011D6Y6TR, STM32C011F4P3, STM32C011F4P6, STM32C011F4U3, STM32C011F4U6TR, STM32C011F6P3, STM32C011F6P6, STM32C011F6U3, STM32C011F6U6TR, STM32C011J4M3, STM32C011J4M6, STM32C011J6M3, STM32C011J6M6, STM32C0316-DK, STM32C031C4T3, STM32C031C4T6, STM32C031C4U3, STM32C031C4U6, STM32C031C6T3, STM32C031C6T6, STM32C031C6U3, STM32C031C6U6, STM32C031F4P3, STM32C031F4P6, STM32C031F6P3, STM32C031F6P6, STM32C031G4U3, STM32C031G4U6, STM32C031G6U3, STM32C031G6U6, STM32C031K4T3, STM32C031K4T6, STM32C031K4U3, STM32C031K4U6, STM32C031K6T3, STM32C031K6T6, STM32C031K6U3, STM32C031K6U6, STM32G071K8TXN, STM32G071K8UXN, STM32G081GBU6N, STM32G081KBT6N, STM32G081KBUXN, STM32G0B1CCT6N, STM32G0B1KCT6, STM32G0B1NEY6, STM32G0B1NEY6TR, STM32G0B1RCT6N, STM32G0C1CCT6, STM32G0C1CCT6N, STM32G0C1CCU6N, STM32G0C1CET6N, STM32G0C1CEU6N, STM32G0C1KCT6, STM32G0C1NEY6TR, STM32G0C1RCI6N, STM32G0C1RCT6N, STM32G0C1REI6N, STM32G0C1RET6N, STM32G0C1VCI6, STM32G0C1VEI6, STM32G471CCT6, STM32G471CCU6, STM32G471CET3, STM32G471CET6, STM32G471CEU3, STM32G471CEU6, STM32G471MCT6, STM32G471MET3, STM32G471MET6, STM32G471MEY6TR, STM32G471QCT6, STM32G471QET3, STM32G471RCT6, STM32G471RET3, STM32G471RET6, STM32G471VCH6, STM32G471VCI6, STM32G471VCT6, STM32G471VEH3, STM32G471VEH6, STM32G471VEI3, STM32G471VEI6, STM32G471VET3, STM32G471VET6, STM32G474CCT6, STM32L4R5QGI6STR, STM32U595ZJT6Q, STM32U599BJY6QTR, STM32U599NIH6Q, STM32U599NJH6Q, STM32U5A5ZJT6Q, STM32U5A9BJY6QTR, STM32U5A9NJH6Q]
2023-12-12 22:09:39,545 [INFO] BoardInfo:872 - No configuration file found for board NUCLEO-H503RB
2023-12-12 22:09:39,546 [INFO] DbBoards:144 - Board is not supported: NUCLEO-H503RB
2023-12-12 22:09:39,550 [INFO] BoardInfo:872 - No configuration file found for board NUCLEO-H563ZI
2023-12-12 22:09:39,551 [INFO] DbBoards:144 - Board is not supported: NUCLEO-H563ZI
2023-12-12 22:09:39,651 [INFO] BoardInfo:872 - No configuration file found for board NUCLEO-U545RE-Q
2023-12-12 22:09:39,651 [INFO] DbBoards:144 - Board is not supported: NUCLEO-U545RE-Q
2023-12-12 22:09:39,666 [INFO] BoardInfo:872 - No configuration file found for board NUCLEO-U5A5ZJ-Q
2023-12-12 22:09:39,666 [INFO] DbBoards:144 - Board is not supported: NUCLEO-U5A5ZJ-Q
2023-12-12 22:09:39,682 [INFO] BoardInfo:872 - No configuration file found for board NUCLEO-WBA52CG
2023-12-12 22:09:39,682 [INFO] DbBoards:144 - Board is not supported: NUCLEO-WBA52CG
2023-12-12 22:09:39,698 [INFO] BoardInfo:872 - No configuration file found for board P-NUCLEO-WB55
2023-12-12 22:09:39,698 [INFO] DbBoards:144 - Kit is not supported: P-NUCLEO-WB55
2023-12-12 22:09:39,698 [INFO] BoardInfo:872 - No configuration file found for board STEVAL-ASTRA1B
2023-12-12 22:09:39,698 [INFO] DbBoards:144 - Board is not supported: STEVAL-ASTRA1B
2023-12-12 22:09:39,713 [INFO] BoardInfo:872 - No configuration file found for board STEVAL-BFA001V1B
2023-12-12 22:09:39,713 [INFO] DbBoards:144 - Kit is not supported: STEVAL-BFA001V1B
2023-12-12 22:09:39,713 [INFO] BoardInfo:872 - No configuration file found for board STEVAL-BFA001V2B
2023-12-12 22:09:39,713 [INFO] DbBoards:144 - Kit is not supported: STEVAL-BFA001V2B
2023-12-12 22:09:39,741 [INFO] BoardInfo:872 - No configuration file found for board STEVAL-MKBOXPRO
2023-12-12 22:09:39,741 [INFO] DbBoards:144 - Board is not supported: STEVAL-MKBOXPRO
2023-12-12 22:09:39,749 [INFO] BoardInfo:872 - No configuration file found for board STEVAL-PROTEUS1
2023-12-12 22:09:39,749 [INFO] DbBoards:144 - Board is not supported: STEVAL-PROTEUS1
2023-12-12 22:09:39,754 [INFO] BoardInfo:872 - No configuration file found for board STEVAL-SMARTAG2
2023-12-12 22:09:39,754 [INFO] DbBoards:144 - Board is not supported: STEVAL-SMARTAG2
2023-12-12 22:09:39,758 [INFO] BoardInfo:872 - No configuration file found for board STEVAL-STWINBX1
2023-12-12 22:09:39,759 [INFO] DbBoards:144 - Board is not supported: STEVAL-STWINBX1
2023-12-12 22:09:39,770 [INFO] BoardInfo:872 - No configuration file found for board STM320518-EVAL
2023-12-12 22:09:39,771 [INFO] DbBoards:144 - Board is not supported: STM320518-EVAL
2023-12-12 22:09:39,982 [INFO] BoardInfo:872 - No configuration file found for board STM32H573I-DK
2023-12-12 22:09:39,982 [INFO] DbBoards:144 - Board is not supported: STM32H573I-DK
2023-12-12 22:09:40,114 [INFO] BoardInfo:872 - No configuration file found for board STM32MP135F-DK
2023-12-12 22:09:40,114 [INFO] DbBoards:144 - Board is not supported: STM32MP135F-DK
2023-12-12 22:09:40,145 [INFO] BoardInfo:872 - No configuration file found for board STM32U5A9J-DK
2023-12-12 22:09:40,145 [INFO] DbBoards:144 - Board is not supported: STM32U5A9J-DK
2023-12-12 22:09:40,161 [INFO] DbBoards:148 - Found 186 boards, 169 are supported
2023-12-12 22:09:40,161 [INFO] ApiDb:407 - Load user favorites file C:\Users\Khanh Lin/.stm32cubeide/favorites.boards.txt: 0 item(s)
2023-12-12 22:09:40,161 [INFO] ApiDb:411 - User favorites Boards=[]
2023-12-12 22:09:40,161 [INFO] DbBoards:174 - Set 0 / 0 favorites Boards
2023-12-12 22:09:42,863 [INFO] ServerAccessManage:359 - Download File 
2023-12-12 22:09:42,916 [INFO] LoadUrlFilesThread:173 - End of LoadServerUrlFiles without Thread
2023-12-12 22:09:42,916 [INFO] MultiScanPanel:794 - Refresh data is successful
2023-12-12 22:09:42,931 [INFO] ApiDb:654 - CubeFinder database Data Model version=2.1
2023-12-12 22:09:42,931 [INFO] ApiDb:655 - CubeFinder database Configuration version=3.0.39
2023-12-12 22:09:42,931 [INFO] ApiDb:656 - CubeFinder database generation date=2023-11-06 (1699269565)
2023-12-12 22:09:42,931 [INFO] ApiDb:657 - CubeFinder database FW Pack versions=[FP-ATR-ASTRA1_V2.0.0, FP-SNS-FLIGHT1_V5.0.1, FP-SNS-FLIGHT1_V5.0.2, FP-SNS-MOTENV1_V4.3.1, FP-SNS-MOTENV1_V4.3.2, FP-SNS-MOTENVWB1_V1.3.0, FP-SNS-SMARTAG2_V1.2.0, STM32Cube_FW_C0_V1.1.0, STM32Cube_FW_F4_V1.28.0, STM32Cube_FW_F7_V1.17.0, STM32Cube_FW_G0_V1.6.1, STM32Cube_FW_G4_V1.5.1, STM32Cube_FW_H5_V0.5.1, STM32Cube_FW_H5_V1.1.1, STM32Cube_FW_H5_V1.2.0RC2, STM32Cube_FW_H7_V1.11.0, STM32Cube_FW_L0_V1.12.2, STM32Cube_FW_L5_V1.5.0, STM32Cube_FW_U5_V1.3.0RC4, STM32Cube_FW_U5_V1.4.0, STM32Cube_FW_WBA_V1.0.0RC1, STM32Cube_FW_WBA_V1.1.0RC1, STM32Cube_FW_WBA_V1.2.0, STM32Cube_FW_WBA_V1.2.0RC2, STM32Cube_FW_WB_V1.15.0RC1, STM32Cube_FW_WB_V1.16.0, STM32Cube_FW_WB_V1.16.0RC2, STM32Cube_FW_WB_V1.18.0, STM32Cube_FW_WL_V1.3.0, X-CUBE-ALGOBUILD_V1.3.0, X-CUBE-ALS_V1.0.1, X-CUBE-AZRTOS-F4_V1.1.0, X-CUBE-AZRTOS-F7_V1.1.0, X-CUBE-AZRTOS-G0_V1.1.0, X-CUBE-AZRTOS-G4_V2.0.0, X-CUBE-AZRTOS-H7_V3.1.0, X-CUBE-AZRTOS-L4_V1.0.0, X-CUBE-AZRTOS-L4_V2.0.0, X-CUBE-AZRTOS-L5_V1.1.0, X-CUBE-AZRTOS-WB_V2.0.0, X-CUBE-AZRTOS-WL_V2.0.0, X-CUBE-BLE1_V7.0.0, X-CUBE-BLE2_V3.3.0, X-CUBE-BLEMGR_V2.0.0, X-CUBE-EEPRMA1_V4.1.0, X-CUBE-EEPRMA1_V4.2.0, X-CUBE-FREERTOS_V1.1.0, X-CUBE-GNSS1_V6.0.0, X-CUBE-MEMS1_V10.0.0, X-CUBE-MEMS1_V9.1.0, X-CUBE-MEMS1_V9.4.0, X-CUBE-MEMS1_V9.6.0, X-CUBE-NFC4_V3.0.0, X-CUBE-NFC7_V1.0.1, X-CUBE-SFXS2LP1_V4.0.0, X-CUBE-SUBG2_V5.0.0, X-CUBE-TOF1_V3.3.1]
2023-12-12 22:09:46,499 [ERROR] DbExamplesSqlite:409 - Missing JSON key: board_cpn
2023-12-12 22:09:46,499 [ERROR] DbExamplesSqlite:409 - Missing JSON key: board_cpn
2023-12-12 22:09:46,499 [ERROR] DbExamplesSqlite:409 - Missing JSON key: board_cpn
2023-12-12 22:09:46,499 [ERROR] DbExamplesSqlite:409 - Missing JSON key: board_cpn
2023-12-12 22:09:46,772 [INFO] DbExamplesSqlite:367 - Ignored 55 examples not supported by CubeIDE
2023-12-12 22:09:46,831 [INFO] DbExamplesSqlite:368 - Found 7548 examples active
2023-12-12 22:09:46,831 [INFO] DbExamplesSqlite:369 - Found 848 examples obsolete
2023-12-12 22:09:46,832 [INFO] DbExamplesSqlite:370 - Found 0 examples under development
2023-12-12 22:09:46,833 [INFO] DbExamplesSqlite:371 - Found 8 examples not building
2023-12-12 22:09:46,838 [INFO] DbExamples:124 - Found 7501 examples
2023-12-12 22:09:47,292 [ERROR] DbExamples:207 - Found 283 examples with invalid data (board or MCU)
2023-12-12 22:09:47,294 [INFO] DbExamples:221 - Found 90 boards with related examples
2023-12-12 22:09:47,297 [INFO] DbExamples:234 - Found 77 MCUs with related examples
2023-12-12 22:09:47,362 [INFO] ApiDb:407 - Load user favorites file C:\Users\Khanh Lin/.stm32cubeide/favorites.examples.txt: 0 item(s)
2023-12-12 22:09:47,362 [INFO] ApiDb:411 - User favorites Examples=[]
2023-12-12 22:09:47,362 [INFO] DbExamples:249 - Set 0 / 0 favorites Examples
2023-12-12 22:09:49,854 [INFO] DbBoards:259 - Loading board mini-images...
2023-12-12 22:09:50,495 [ERROR] DbBoards:276 - Image file not found for board NUCLEO-C031C6: C:\ST\STM32CubeIDE_1.9.0\STM32CubeIDE\plugins\com.st.stm32cube.common.mx_6.5.0.202202251913\\db\/plugins/mcufinder/images/boards/bp-nucleo-c031c6.jpg
2023-12-12 22:09:51,994 [ERROR] DbBoards:276 - Image file not found for board NUCLEO-H503RB: C:\ST\STM32CubeIDE_1.9.0\STM32CubeIDE\plugins\com.st.stm32cube.common.mx_6.5.0.202202251913\\db\/plugins/mcufinder/images/boards/bp-nucleo-h503rb-estore.jpg
2023-12-12 22:09:51,994 [ERROR] DbBoards:276 - Image file not found for board NUCLEO-H563ZI: C:\ST\STM32CubeIDE_1.9.0\STM32CubeIDE\plugins\com.st.stm32cube.common.mx_6.5.0.202202251913\\db\/plugins/mcufinder/images/boards/bp-nucleo-h563zi-estore.jpg
2023-12-12 22:09:53,061 [ERROR] DbBoards:276 - Image file not found for board NUCLEO-U545RE-Q: C:\ST\STM32CubeIDE_1.9.0\STM32CubeIDE\plugins\com.st.stm32cube.common.mx_6.5.0.202202251913\\db\/plugins/mcufinder/images/boards/nucleo-u545re-q.jpg
2023-12-12 22:09:53,163 [ERROR] DbBoards:276 - Image file not found for board NUCLEO-U5A5ZJ-Q: C:\ST\STM32CubeIDE_1.9.0\STM32CubeIDE\plugins\com.st.stm32cube.common.mx_6.5.0.202202251913\\db\/plugins/mcufinder/images/boards/nucleo-u545re-q.jpg
2023-12-12 22:09:53,163 [ERROR] DbBoards:279 - No image file defined for board NUCLEO-WB15CC
2023-12-12 22:09:53,231 [ERROR] DbBoards:276 - Image file not found for board NUCLEO-WBA52CG: C:\ST\STM32CubeIDE_1.9.0\STM32CubeIDE\plugins\com.st.stm32cube.common.mx_6.5.0.202202251913\\db\/plugins/mcufinder/images/boards/nucleo-wba52cg-board-photo.jpg
2023-12-12 22:09:53,302 [ERROR] DbBoards:276 - Image file not found for board P-L496G-CELL01: C:\ST\STM32CubeIDE_1.9.0\STM32CubeIDE\plugins\com.st.stm32cube.common.mx_6.5.0.202202251913\\db\/plugins/mcufinder/images/boards/P-L496G-CELL01.jpg
2023-12-12 22:09:53,436 [ERROR] DbBoards:276 - Image file not found for board STEVAL-ASTRA1B: C:\ST\STM32CubeIDE_1.9.0\STM32CubeIDE\plugins\com.st.stm32cube.common.mx_6.5.0.202202251913\\db\/plugins/mcufinder/images/boards/STEVAL-ASTRA1B_Image.jpg
2023-12-12 22:09:53,465 [ERROR] DbBoards:276 - Image file not found for board STEVAL-MKBOXPRO: C:\ST\STM32CubeIDE_1.9.0\STM32CubeIDE\plugins\com.st.stm32cube.common.mx_6.5.0.202202251913\\db\/plugins/mcufinder/images/boards/steval-mkboxpro-image.jpg
2023-12-12 22:09:53,496 [ERROR] DbBoards:276 - Image file not found for board STEVAL-PROTEUS1: C:\ST\STM32CubeIDE_1.9.0\STM32CubeIDE\plugins\com.st.stm32cube.common.mx_6.5.0.202202251913\\db\/plugins/mcufinder/images/boards/steval-proteus1_image.jpg
2023-12-12 22:09:53,496 [ERROR] DbBoards:276 - Image file not found for board STEVAL-SMARTAG2: C:\ST\STM32CubeIDE_1.9.0\STM32CubeIDE\plugins\com.st.stm32cube.common.mx_6.5.0.202202251913\\db\/plugins/mcufinder/images/boards/steval-smartag2-image.jpg
2023-12-12 22:09:53,496 [ERROR] DbBoards:276 - Image file not found for board STEVAL-STWINBX1: C:\ST\STM32CubeIDE_1.9.0\STM32CubeIDE\plugins\com.st.stm32cube.common.mx_6.5.0.202202251913\\db\/plugins/mcufinder/images/boards/stwinbx1-image.jpg
2023-12-12 22:09:53,635 [ERROR] DbBoards:276 - Image file not found for board STM320518-EVAL: C:\ST\STM32CubeIDE_1.9.0\STM32CubeIDE\plugins\com.st.stm32cube.common.mx_6.5.0.202202251913\\db\/plugins/mcufinder/images/boards/stm320518-eval.jpg
2023-12-12 22:09:53,651 [ERROR] DbBoards:279 - No image file defined for board STM32091C-EVAL
2023-12-12 22:09:53,652 [ERROR] DbBoards:279 - No image file defined for board STM32100E-EVAL
2023-12-12 22:09:53,652 [ERROR] DbBoards:279 - No image file defined for board STM3210C-EVAL
2023-12-12 22:09:53,666 [ERROR] DbBoards:279 - No image file defined for board STM3221G-EVAL
2023-12-12 22:09:53,681 [ERROR] DbBoards:276 - Image file not found for board STM32303C-EVAL: C:\ST\STM32CubeIDE_1.9.0\STM32CubeIDE\plugins\com.st.stm32cube.common.mx_6.5.0.202202251913\\db\/plugins/mcufinder/images/boards/stm32303c-eval.jpg
2023-12-12 22:09:53,845 [ERROR] DbBoards:276 - Image file not found for board STM32469I-EVAL: C:\ST\STM32CubeIDE_1.9.0\STM32CubeIDE\plugins\com.st.stm32cube.common.mx_6.5.0.202202251913\\db\/plugins/mcufinder/images/boards/stm32469i-eval.jpg
2023-12-12 22:09:53,845 [ERROR] DbBoards:279 - No image file defined for board STM32479I-EVAL
2023-12-12 22:09:53,881 [ERROR] DbBoards:276 - Image file not found for board STM32C0116-DK: C:\ST\STM32CubeIDE_1.9.0\STM32CubeIDE\plugins\com.st.stm32cube.common.mx_6.5.0.202202251913\\db\/plugins/mcufinder/images/boards/bp-stm32c0116-dk.jpg
2023-12-12 22:09:53,881 [ERROR] DbBoards:276 - Image file not found for board STM32C0316-DK: C:\ST\STM32CubeIDE_1.9.0\STM32CubeIDE\plugins\com.st.stm32cube.common.mx_6.5.0.202202251913\\db\/plugins/mcufinder/images/boards/bp-stm32c0316-dk.jpg
2023-12-12 22:09:53,959 [ERROR] DbBoards:279 - No image file defined for board STM32F401C-DISCO
2023-12-12 22:09:54,066 [ERROR] DbBoards:279 - No image file defined for board STM32F7308-DK
2023-12-12 22:09:54,144 [ERROR] DbBoards:276 - Image file not found for board STM32F779I-EVAL: C:\ST\STM32CubeIDE_1.9.0\STM32CubeIDE\plugins\com.st.stm32cube.common.mx_6.5.0.202202251913\\db\/plugins/mcufinder/images/boards/stm32f779i-eval.jpg
2023-12-12 22:09:54,414 [ERROR] DbBoards:276 - Image file not found for board STM32H573I-DK: C:\ST\STM32CubeIDE_1.9.0\STM32CubeIDE\plugins\com.st.stm32cube.common.mx_6.5.0.202202251913\\db\/plugins/mcufinder/images/boards/bp-stm32h573i-dk-estore.jpg
2023-12-12 22:09:54,732 [ERROR] DbBoards:279 - No image file defined for board STM32L-DISCOVERY
2023-12-12 22:09:54,810 [ERROR] DbBoards:279 - No image file defined for board STM32L152D-EVAL
2023-12-12 22:09:55,126 [ERROR] DbBoards:276 - Image file not found for board STM32MP135F-DK: C:\ST\STM32CubeIDE_1.9.0\STM32CubeIDE\plugins\com.st.stm32cube.common.mx_6.5.0.202202251913\\db\/plugins/mcufinder/images/boards/web-stm32mp135f-dk-board.jpg
2023-12-12 22:09:55,476 [ERROR] DbBoards:276 - Image file not found for board STM32U5A9J-DK: C:\ST\STM32CubeIDE_1.9.0\STM32CubeIDE\plugins\com.st.stm32cube.common.mx_6.5.0.202202251913\\db\/plugins/mcufinder/images/boards/stm32u5a9j-dk-board-photo.jpg
2023-12-12 22:09:55,513 [INFO] DbBoards:282 - Loaded 155 board mini-images
2023-12-12 22:11:30,767 [INFO] McuFinderGlobals:52 - Set McuFinderConnectedMode to true
2023-12-12 22:11:30,771 [INFO] ApiDb:432 - Save user favorites file C:\Users\Khanh Lin/.stm32cubeide/favorites.mcus.txt: 0 item(s)
2023-12-12 22:11:30,771 [INFO] ApiDb:436 - User favorites MCUs=[]
2023-12-12 22:11:30,773 [INFO] ApiDb:432 - Save user favorites file C:\Users\Khanh Lin/.stm32cubeide/favorites.boards.txt: 0 item(s)
2023-12-12 22:11:30,773 [INFO] ApiDb:436 - User favorites Boards=[]
